# name/game/hands/seed matchName holdem.limit.2p.reverse_blinds.game 1000 0
#--t_response 600000
#--t_hand 600000
#--t_per_hand 7000
STATE:0:cc/crc/rc/cc:5d5c|9hQd/8dAs8s/4h/6d:40|-40:Alice|Bob
STATE:1:rrc/cc/rc/crc:6sKs|5dJd/2sTh2h/Qh/8h:70|-70:Bob|Alice
STATE:2:cc/crrc/crc/rc:Ah8s|2h4c/Qd7h6c/4s/Jc:-70|70:Alice|Bob
STATE:3:crc/crc/cc/rc:4s8s|6hJd/QhJs9d/Qc/9h:-50|50:Bob|Alice
STATE:4:crrrc/rc/rrrrc/crrrc:5s4c|Kc7d/KsAsJd/Th/7h:-190|190:Alice|Bob
STATE:5:rc/rc/rc/rc:KhTh|8s7d/9c8d5c/Qd/Td:70|-70:Bob|Alice
STATE:6:crrc/rc/cc/cc:Kc8h|5cAs/9dAh4d/7h/Qs:-40|40:Alice|Bob
STATE:7:crc/rc/rc/crc:Ah6c|2c3d/5d6hTc/6d/Td:70|-70:Bob|Alice
STATE:8:rc/cc/crc/rc:2hAd|Js7c/4d3s3c/Jh/7d:-60|60:Alice|Bob
STATE:9:f:Qd5h|9h2d:5|-5:Bob|Alice
STATE:10:crrrc/rc/crc/rrrc:KcAd|Jd5c/6s7c4h/Ks/Kh:130|-130:Alice|Bob
STATE:11:cc/rc/rrrc/rrc:9dTc|9s4h/3h7c2h/9h/Ts:120|-120:Bob|Alice
STATE:12:rc/crrrrc/rrc/crrrc:3hTs|AdQd/9d7h4h/Kd/As:-160|160:Alice|Bob
STATE:13:rc/rrf:8h9s|3d2s/7hJcKc:-30|30:Bob|Alice
STATE:14:f:2d3s|6sQh:5|-5:Alice|Bob
STATE:15:f:3c4c|Th7s:5|-5:Bob|Alice
STATE:16:rc/rrf:3c8d|Ks6c/Ad8c7s:-30|30:Alice|Bob
STATE:17:crc/crc/crc/rrrrc:Kc7c|2s7d/As3h6s/Qc/7s:130|-130:Bob|Alice
STATE:18:cc/cc/crrc/rc:AsJh|8d2c/7dAh5c/3s/3c:70|-70:Alice|Bob
STATE:19:rc/crrc/cc/rc:2h6d|7dKc/5sAs6h/6s/Jd:60|-60:Bob|Alice
STATE:20:crc/crrc/rc/rc:5cAs|2s7h/KsQcTh/Qd/Qh:80|-80:Alice|Bob
STATE:21:rc/rrc/rc/rc:9sTs|7d4h/5c4sAh/4c/7c:-80|80:Bob|Alice
STATE:22:rc/rc/cc/rc:5sJh|8dTh/5c2d5d/Tc/Ad:50|-50:Alice|Bob
STATE:23:rc/rrc/rc/crc:6c7s|AcTh/TsAhQh/5s/As:-80|80:Bob|Alice
STATE:24:cc/crc/rf:9d3h|Qh6s/6hQc7d/2c:20|-20:Alice|Bob
STATE:25:rrrc/rrc/rc/cc:2s3d|7dTs/Ad4hJh/9c/6c:-80|80:Bob|Alice
STATE:26:cc/cc/crc/crc:5dJs|9h4h/4sTh3d/3s/7d:-50|50:Alice|Bob
STATE:27:f:2d2s|8s4d:5|-5:Bob|Alice
STATE:28:rrc/crrrc/cc/rrc:AdTd|Qd2c/2d7d6c/9d/Jh:100|-100:Alice|Bob
STATE:29:cc/rrrrc/rrc/rrrc:8s2d|8h9d/7h5c7s/7c/Jc:-150|150:Bob|Alice
STATE:30:crc/crrc/rf:3c2s|4sTs/4hQc3h/3d:40|-40:Alice|Bob
STATE:31:rc/rf:Jd9c|6s8s/7s6d5c:20|-20:Bob|Alice
STATE:32:rc/rf:QsKd|7c7d/2c2d6c:20|-20:Alice|Bob
STATE:33:crc/cc/cc/cc:Th5d|Qs8h/7sAcJs/Td/7h:20|-20:Bob|Alice
STATE:34:rrrc/crc/rc/rrc:7hAc|AdAs/Jh3s5d/Kh/7c:-110|110:Alice|Bob
STATE:35:rc/cc/crrc/cc:AsAh|2dQs/4s7dTs/Kd/5s:60|-60:Bob|Alice
STATE:36:rc/crrc/rc/crrrf:AhQc|8c5c/4dAs4h/4s/6d:-100|100:Alice|Bob
STATE:37:crrc/rc/rc/rc:KcQd|8sJc/9hJh9d/Qs/Kd:80|-80:Bob|Alice
STATE:38:rc/cc/cc/crc:Ad6s|Qh8h/6cJc7c/8c/8s:-40|40:Alice|Bob
STATE:39:crf:9sTc|6cAs:10|-10:Bob|Alice
STATE:40:rc/rc/rc/crc:5d6s|8hKc/Kd3d2h/8d/Td:70|-70:Alice|Bob
STATE:41:crrrc/rc/crf:4d6d|9s6s/7dJd5c/Ad:-50|50:Bob|Alice
STATE:42:f:ThQh|Kc8s:5|-5:Alice|Bob
STATE:43:cc/rc/crrrc/rc:7s8h|9h4c/Ts9s6d/4d/5c:100|-100:Bob|Alice
STATE:44:crrc/rc/rrrrc/rc:9c6h|3dJh/AhTs9d/7s/7h:140|-140:Alice|Bob
STATE:45:rrc/cc/cc/rrc:5c3s|7c8h/9sKh8s/2d/4c:-70|70:Bob|Alice
STATE:46:crc/rrc/rc/crrrrc:8hJd|5cQh/6s3d9h/3c/Js:140|-140:Alice|Bob
STATE:47:cc/cc/crc/rrc:Qc2s|JsAh/9d8s2h/6s/Jh:-70|70:Bob|Alice
STATE:48:rrrc/cc/crrrc/cc:5cJc|Jd4c/3hAc4d/3d/6s:-100|100:Alice|Bob
STATE:49:rc/rrrc/cc/rc:QhTd|Js3c/9cQc5d/Ad/Kd:70|-70:Bob|Alice
STATE:50:crc/rrrc/cc/crf:Tc5d|JsAd/4h7s8s/9c/3d:-50|50:Alice|Bob
STATE:51:crc/cc/crrc/crf:Ah7c|AsKc/7d2c8c/Jh/Jd:-60|60:Bob|Alice
STATE:52:rrc/crc/rc/rf:5cJh|Th8h/8s9d6c/5d/8d:60|-60:Alice|Bob
STATE:53:cc/cc/rc/cc:Qd5c|3h6d/AsTd8d/Kh/Qc:30|-30:Bob|Alice
STATE:54:cc/rrrc/rrc/rc:7s4h|7h9d/8d2dQs/2s/6d:-100|100:Alice|Bob
STATE:55:cc/rrrc/cc/crc:8c6s|Tc8h/Qc2h8s/7h/6c:60|-60:Bob|Alice
STATE:56:cc/rrf:Ks7d|9hTs/Jd4h9c:-20|20:Alice|Bob
STATE:57:rc/cc/crc/rc:5cAh|9dTh/As3dTs/Kh/9h:-60|60:Bob|Alice
STATE:58:f:2c9h|5hKh:5|-5:Alice|Bob
STATE:59:rc/rc/crc/crrc:4dTd|9s9c/TcJcKh/5s/7h:90|-90:Bob|Alice
STATE:60:rrrc/crc/crc/cc:5s9s|3c4c/Jc3sAs/6c/2c:-70|70:Alice|Bob
STATE:61:cc/crc/rc/rrrc:Jd5d|4s4d/6c8h7s/Jh/7h:100|-100:Bob|Alice
STATE:62:cc/rc/rc/rc:5s2s|Kh2c/6d8hQs/Ah/Ks:-60|60:Alice|Bob
STATE:63:crrrc/rf:7c5s|9c2c/QdKh9d:40|-40:Bob|Alice
STATE:64:cc/cc/cc/crrc:7c9d|8s9h/2cTsTh/4c/Ad:-50|50:Alice|Bob
STATE:65:crrf:8h7h|Ah2s:-20|20:Bob|Alice
STATE:66:cc/crrrc/crc/rc:QhAd|5s3h/2h2cTc/6h/2s:80|-80:Alice|Bob
STATE:67:rrc/crrc/rrc/rrrrc:4d6d|9hJc/Jd4h3s/Ah/6s:170|-170:Bob|Alice
STATE:68:rrrc/rrrrc/cc/crf:7h6d|6h4d/3cJd7d/8s/Kc:-80|80:Alice|Bob
STATE:69:crc/cc/crc/rrrc:Jh4c|9d2d/6dTh5s/As/Kd:100|-100:Bob|Alice
STATE:70:f:Ah4d|JhTs:5|-5:Alice|Bob
STATE:71:rrf:6c5h|8h2s:20|-20:Bob|Alice
STATE:72:rf:3c3s|7c3h:-10|10:Alice|Bob
STATE:73:crrc/rc/cc/rrrrc:3s5d|Kh2h/3h2d9h/8d/9d:120|-120:Bob|Alice
STATE:74:rrc/crrrc/rc/rc:5c3c|2dJh/Kh6c9h/4d/Ks:-100|100:Alice|Bob
STATE:75:crc/cc/rc/crc:Kc7s|2s6d/4hQdKh/Ah/Kd:60|-60:Bob|Alice
STATE:76:rc/rrc/cc/rc:Qh9s|Tc5d/Qc8h2c/Ks/Jh:60|-60:Alice|Bob
STATE:77:rc/cc/crrf:JsTd|5s2c/AsAcTc/Ah:40|-40:Bob|Alice
STATE:78:rc/rc/crc/rrrrc:As8s|4cQc/Ad6hKh/Kd/8d:130|-130:Alice|Bob
STATE:79:rrrc/rc/crrrrc/rrrrc:3c6h|3dKc/5hJc3h/9s/8h:-210|210:Bob|Alice
STATE:80:rrrc/rc/rrrrc/crc:6d6s|Tc6c/4c8s7s/Js/4d:150|-150:Alice|Bob
STATE:81:cc/rc/rc/rc:5s6s|7c3s/Qd4dQc/2c/6c:60|-60:Bob|Alice
STATE:82:cc/cc/crc/cc:2sQs|2c7d/AhAd8c/9h/3s:30|-30:Alice|Bob
STATE:83:rc/cc/cc/cc:8dTc|2h6c/Qs4c2s/Td/6h:-20|20:Bob|Alice
STATE:84:rc/rrrrc/crrrc/rc:Ah9d|5c6c/Ts9s4c/Qh/4d:140|-140:Alice|Bob
STATE:85:rc/cc/rc/cc:3d8h|5d2s/4s9cQs/7h/As:40|-40:Bob|Alice
STATE:86:f:6d8h|6h6c:5|-5:Alice|Bob
STATE:87:rc/crrrc/crrc/rc:AdAc|8d8s/2cKhTs/8c/Qh:-110|110:Bob|Alice
STATE:88:cc/cc/rc/rrrc:Jh2c|2hKc/5s8dTs/Tc/6d:-90|90:Alice|Bob
STATE:89:crc/rrc/rc/cc:JsKc|JdQh/Ts9c5d/6c/5h:60|-60:Bob|Alice
STATE:90:rc/crrrc/cc/rrrc:2sTs|Kd6s/9dTh6h/2c/3d:110|-110:Alice|Bob
STATE:91:rrc/cc/rc/rrf:7d9h|JdKc/KhQdJc/Ts/Td:-70|70:Bob|Alice
STATE:92:rrrc/rrrc/crc/rc:8hJc|JhAc/6s5s6d/9h/4s:-110|110:Alice|Bob
STATE:93:crc/cc/crrc/crrf:Jh2d|2c5h/AdKdTd/Jd/Th:80|-80:Bob|Alice
STATE:94:cc/cc/cc/cc:Tc3s|9s4h/Td8d5c/Qh/Jd:-10|10:Alice|Bob
STATE:95:f:9dAd|5sTc:5|-5:Bob|Alice
STATE:96:f:4sQh|8dTc:5|-5:Alice|Bob
STATE:97:crrrc/rrc/rrc/cc:Qd9h|AsAd/3d4s6s/2h/9d:-100|100:Bob|Alice
STATE:98:crc/rc/rrc/crc:QsQc|7cQh/Kd6h3h/Kh/5d:90|-90:Alice|Bob
STATE:99:rc/rc/rc/rc:4cTs|Qs9s/9h5d8d/6c/6d:-70|70:Bob|Alice
STATE:100:cc/cc/rrc/rc:Qd2c|3cKh/8h8c7h/Kd/2d:-70|70:Alice|Bob
STATE:101:f:Qs6d|7s7h:5|-5:Bob|Alice
STATE:102:cc/rrc/rf:JsKc|5dTh/6sQsJh/2c:30|-30:Alice|Bob
STATE:103:crc/crc/crrrc/cc:Js5h|Td3h/6cQdKc/9d/3s:-90|90:Bob|Alice
STATE:104:rc/rc/cc/crc:Qs8d|9c8h/5hKh3c/6h/Kc:50|-50:Alice|Bob
STATE:105:rc/rrf:Th6d|5s4d/5cJc8c:-30|30:Bob|Alice
STATE:106:cc/rc/crc/rf:Qd7c|3d8c/Th3cJs/Ac/9d:40|-40:Alice|Bob
STATE:107:f:JsTc|Jd5s:5|-5:Bob|Alice
STATE:108:cc/rrc/rc/rrc:4hJc|5s6h/9d3dQc/7s/Qh:90|-90:Alice|Bob
STATE:109:cc/rrc/cc/cc:2d5d|4s4c/5s3d7d/Ad/As:30|-30:Bob|Alice
STATE:110:crc/cc/crrrc/rrc:8c7c|3d2h/Qs7dTc/Th/2d:120|-120:Alice|Bob
STATE:111:cc/rc/cc/rrc:AcQc|5sKh/As8sKs/6c/Ts:-60|60:Bob|Alice
STATE:112:rrc/crc/crc/rc:8d9s|9d7h/2hJh6h/5c/As:80|-80:Alice|Bob
STATE:113:crc/crc/crc/cc:Ad6s|3c6h/7dTd4h/9s/4d:50|-50:Bob|Alice
STATE:114:rrc/crrf:9sKc|3sAs/4s5d8d:40|-40:Alice|Bob
STATE:115:crrc/crrrrc/crc/rrc:3d2s|9cKh/7cJh5c/2d/4c:130|-130:Bob|Alice
STATE:116:crrc/rrrrc/rrrrf:Jc6h|9s9h/3hAdAs/Ac:-130|130:Alice|Bob
STATE:117:rrc/crc/rc/rrrrc:AhTd|6c3c/5hJcAd/4c/6d:140|-140:Bob|Alice
STATE:118:crc/rc/crc/cc:Js8d|Jc6c/6s9d6h/2s/3h:-50|50:Alice|Bob
STATE:119:rf:Tc7s|Ac7d:-10|10:Bob|Alice
STATE:120:rf:Td6s|6cJs:-10|10:Alice|Bob
STATE:121:rc/cc/cc/rrc:5cTs|4d7c/3hTdKs/7h/9d:60|-60:Bob|Alice
STATE:122:cc/rc/cc/crrrrc:2c2h|Ah7h/4hTs5d/Jc/Qs:100|-100:Alice|Bob
STATE:123:f:9c5d|KhAh:5|-5:Bob|Alice
STATE:124:cc/crc/rrrc/rrrrf:Qh6c|9s5d/8d8sJd/Kd/8h:-140|140:Alice|Bob
STATE:125:cc/rrc/crc/rrrrc:Tc6c|8c6d/Ts4cAs/4h/5h:130|-130:Bob|Alice
STATE:126:crc/rrrf:As9d|3d9c/Qh8cKc:40|-40:Alice|Bob
STATE:127:crc/crf:QcKd|3d9c/KhJdQd:-20|20:Bob|Alice
STATE:128:crc/crc/rrc/rc:Kc8d|2cKd/6c5dTh/4c/5s:90|-90:Alice|Bob
STATE:129:rc/rrf:As5d|4hQs/8sKh6c:-30|30:Bob|Alice
STATE:130:cc/crf:7s8d|Ad3s/4c2hJc:-10|10:Alice|Bob
STATE:131:rf:2hJh|JdKs:-10|10:Bob|Alice
STATE:132:rrrf:9d2c|Qh8d:-30|30:Alice|Bob
STATE:133:cc/rc/cc/cc:9dJc|6dJh/6c7c9c/Qd/Ks:20|-20:Bob|Alice
STATE:134:rf:Tc8c|5d9h:-10|10:Alice|Bob
STATE:135:cc/cc/rc/rf:9d2s|6c8c/5c6sJd/Th/Ah:30|-30:Bob|Alice
STATE:136:rc/cc/rc/cc:2d3d|5sQh/3c4c2c/8h/Ks:40|-40:Alice|Bob
STATE:137:cc/rrrrc/rrc/rc:3d5h|QsTd/6hQh5s/2c/Tc:-110|110:Bob|Alice
STATE:138:rrc/crc/rrc/cc:TsQd|5hTd/3c5dJd/5s/2s:-80|80:Alice|Bob
STATE:139:rrrc/crc/rrc/crf:3c5d|5c7s/Jc8c8h/4h/9c:-90|90:Bob|Alice
STATE:140:rc/crc/rc/rrf:6s4s|2dKd/5d2h5h/3s/Qs:-70|70:Alice|Bob
STATE:141:cc/rc/cc/cc:Ah7c|QsJc/2dTd8d/3c/9c:-20|20:Bob|Alice
STATE:142:crrc/rrrc/cc/rrc:5c2s|Qc7c/TsAs3s/6d/6h:-100|100:Alice|Bob
STATE:143:rc/rrrrc/cc/rrc:5c8s|Js6s/TcTh3h/9d/4c:-100|100:Bob|Alice
STATE:144:cc/cc/rrc/rc:Qh6s|AdKs/9dJd2s/Ah/Qd:-70|70:Alice|Bob
STATE:145:cc/rrrc/rc/cc:2c9s|Jh2s/4cJs6s/9d/Kh:-60|60:Bob|Alice
STATE:146:crc/rc/crc/rc:5d6c|7d6d/5cKd6s/3c/2c:70|-70:Alice|Bob
STATE:147:crrc/cc/rc/rc:AdKh|6h5s/4cJh5d/Jc/Th:-70|70:Bob|Alice
STATE:148:rf:2d5d|Kc6d:-10|10:Alice|Bob
STATE:149:rrc/rc/crrrrc/rrc:As9d|5c3h/3c7cQd/Ac/Jh:160|-160:Bob|Alice
STATE:150:crrc/rc/crrrrc/rc:Td5d|AsJs/8s3dKc/5s/9h:140|-140:Alice|Bob
STATE:151:rc/rf:KsKh|2c5h/2hJh5d:20|-20:Bob|Alice
STATE:152:rc/rf:JcQd|7c3s/9c5h7s:20|-20:Alice|Bob
STATE:153:cc/rc/crrc/crc:2s3s|Qs8c/JsAs5h/Ac/Kc:-80|80:Bob|Alice
STATE:154:rc/rc/cc/cc:5h5d|4d2s/5s6sQh/7c/Ks:30|-30:Alice|Bob
STATE:155:rc/cc/crc/rf:TcAd|Qs7d/8c9c5h/Kc/7s:40|-40:Bob|Alice
STATE:156:rf:4c7h|4s9d:-10|10:Alice|Bob
STATE:157:cc/rrrrc/crrrrc/cc:5c3s|Jc4s/4h8d6d/4c/6s:-130|130:Bob|Alice
STATE:158:crrrc/cc/crc/cc:5h6s|Kc6c/2c8h9s/5d/Kd:-60|60:Alice|Bob
STATE:159:crrrc/cc/crrc/rrc:Ah8d|9s7h/5c7s3h/6d/4d:120|-120:Bob|Alice
STATE:160:rrc/crrrrc/crc/crrc:3d3s|7cTs/2h2sKs/8c/Ad:130|-130:Alice|Bob
STATE:161:crc/crrf:Qh4c|6dAc/KcQs4d:30|-30:Bob|Alice
STATE:162:rf:4cQd|Td4h:-10|10:Alice|Bob
STATE:163:rc/crc/crrf:2c8s|8cJc/Th5c9h/Qs:50|-50:Bob|Alice
STATE:164:rrc/cc/cc/cc:Qc6d|3h5s/7hAs8d/Kc/Jc:30|-30:Alice|Bob
STATE:165:f:9dJs|Qh3d:5|-5:Bob|Alice
STATE:166:rc/rc/rrc/rc:8dKd|Ac9h/Th2c6d/4d/Ts:-90|90:Alice|Bob
STATE:167:f:KsTd|7s2d:5|-5:Bob|Alice
STATE:168:rc/rc/rrc/rrrc:AdQd|3d3c/2dAh4c/Qs/Tc:130|-130:Alice|Bob
STATE:169:cc/rc/cc/rrc:8d6c|Tc3s/7c3h7s/5s/Jc:-60|60:Bob|Alice
STATE:170:cc/rrrc/cc/cc:7h6c|AdKc/8sQd3d/Kh/5d:-40|40:Alice|Bob
STATE:171:crc/crc/rc/rc:Ac7s|Td6c/2s7hAs/5d/Qc:70|-70:Bob|Alice
STATE:172:rrc/crrrrc/rrrc/rc:Kd5c|TsJh/6c5h3s/9s/4h:150|-150:Alice|Bob
STATE:173:crc/rrc/rrc/rrrrc:Th5d|Js4h/Kd7sTc/6d/As:160|-160:Bob|Alice
STATE:174:cc/rc/rrc/rc:2d4h|Jd6s/7s3h4d/Ts/2s:80|-80:Alice|Bob
STATE:175:rrrc/crc/rrrrc/rrrrc:5cJc|2c2h/5s8h4s/Kh/Ks:210|-210:Bob|Alice
STATE:176:cc/crrc/cc/rc:8c4s|TsKd/3h6s6d/8s/5h:50|-50:Alice|Bob
STATE:177:crc/cc/rc/crc:8hTs|2d3c/AdAc4h/4c/Js:0|0:Bob|Alice
STATE:178:rc/rc/crrrc/crc:8hAh|Kh3s/2hKs2c/Qd/7d:-110|110:Alice|Bob
STATE:179:crrrc/rc/rc/rc:9h2c|4dQh/2dTd9c/Ah/6h:90|-90:Bob|Alice
STATE:180:rrc/rc/rrf:9d4d|6h7s/AhQs5h/7c:-60|60:Alice|Bob
STATE:181:f:7cQc|6s6d:5|-5:Bob|Alice
STATE:182:cc/crc/rc/rc:6cTs|Jh4d/7h9sQc/As/3d:-60|60:Alice|Bob
STATE:183:cc/crc/cc/rrc:7c6d|TsJs/3sAh9c/3c/4d:-60|60:Bob|Alice
STATE:184:rrc/rc/crc/crrc:8hQc|5s3s/KcKsTc/8s/Qh:100|-100:Alice|Bob
STATE:185:rc/cc/rc/rrf:Td6h|7c7h/Ts6cQd/4h/2c:-60|60:Bob|Alice
STATE:186:rrc/cc/rrc/rc:8c5c|Jc9c/TdAh9s/Qh/Kd:-90|90:Alice|Bob
STATE:187:rc/crrc/rc/rrrrc:QhJh|5h8s/Kh8d9c/9s/As:-140|140:Bob|Alice
STATE:188:rc/crc/crrrrc/cc:Qs7c|As2h/6d6cJh/Tc/Js:-110|110:Alice|Bob
STATE:189:rrrc/rc/rc/rrrc:Ac7h|8c6h/AhQh9d/9h/2s:130|-130:Bob|Alice
STATE:190:rc/rrc/cc/rrc:Ks6h|8dJs/8sKd5d/5s/5h:80|-80:Alice|Bob
STATE:191:f:9c4d|5cQs:5|-5:Bob|Alice
STATE:192:rrrc/rrc/rrrc/crc:Qh7h|JhTh/2hQc9c/9h/6d:140|-140:Alice|Bob
STATE:193:rrrc/rc/cc/crrf:KhKd|4h2s/8hKs9d/4s/Qd:70|-70:Bob|Alice
STATE:194:cc/rc/cc/rc:6dTs|2dJd/7d5hJs/5s/Qh:-40|40:Alice|Bob
STATE:195:rf:Jd9c|6sQh:-10|10:Bob|Alice
STATE:196:rrc/rrrrc/crc/rrf:JsKs|6h8h/5s2s2h/4s/Ah:-110|110:Alice|Bob
STATE:197:f:Ks9h|Qd3s:5|-5:Bob|Alice
STATE:198:cc/crc/crc/rc:5h9c|5cTc/7d4c4d/Ks/2h:-60|60:Alice|Bob
STATE:199:rrc/rrrc/rc/rrc:6h9h|4d7s/JhThTd/8c/Kc:120|-120:Bob|Alice
STATE:200:crrrc/rf:7s3s|7c4h/ThQs4s:40|-40:Alice|Bob
STATE:201:rc/rc/crrc/crrrc:3dKd|9d2c/2hKhAd/6d/Js:130|-130:Bob|Alice
STATE:202:cc/crrf:9c7s|2d9s/3d4sJd:20|-20:Alice|Bob
STATE:203:rc/rrrrc/crf:9c6d|8s2d/AsAcQs/3h:-60|60:Bob|Alice
STATE:204:rc/cc/cc/rrc:2s5h|Tc3d/7s8sTh/Kc/Js:-60|60:Alice|Bob
STATE:205:rc/rc/rrc/rrc:Ts7c|Th7s/2c3s4h/Ad/8s:0|0:Bob|Alice
STATE:206:rc/rc/crrc/rc:ThAs|Js4s/2s4h2h/Qh/7h:90|-90:Alice|Bob
STATE:207:rrc/rrrc/rc/rc:2sQs|KcJd/4c6c3h/2d/4s:100|-100:Bob|Alice
STATE:208:rrrc/cc/crc/rrc:AcAh|9s9c/Ad8c3c/Qs/6h:100|-100:Alice|Bob
STATE:209:crrc/rc/crc/rrc:Js5c|2sTd/As2h3d/Kh/Ad:-100|100:Bob|Alice
STATE:210:cc/crrrrc/crc/rrc:Qc6s|Js5h/4s4h8d/6h/5c:110|-110:Alice|Bob
STATE:211:rrrc/crc/rrrc/cc:TdKs|2dAh/Qh4h9s/Qs/3h:-110|110:Bob|Alice
STATE:212:cc/crc/cc/crrrc:Tc8c|9c6h/8sAc9d/7d/Ks:-80|80:Alice|Bob
STATE:213:crc/cc/cc/crc:3c6h|Jc7d/8d9d6c/3d/Kd:-40|40:Bob|Alice
STATE:214:rc/crc/rc/rrrrc:2c6d|Kc8s/7c4d9d/4h/Ad:-130|130:Alice|Bob
STATE:215:crrrc/rrrrc/rrrrc/rc:2s3s|Td9d/7sJd9h/Tc/Qh:-180|180:Bob|Alice
STATE:216:rrc/cc/cc/rrrc:7d2h|9sQh/TsTd4s/Qs/5s:-90|90:Alice|Bob
STATE:217:cc/crc/rrf:AhKs|Th8d/JsAs4s/6h:-40|40:Bob|Alice
STATE:218:rrrc/rrrrc/cc/rc:6s6c|Kd8d/2c7hJh/As/6h:100|-100:Alice|Bob
STATE:219:rf:4sKc|4hAh:-10|10:Bob|Alice
STATE:220:rc/rrrrf:Th7h|7c5d/4s3sJd:-50|50:Alice|Bob
STATE:221:rc/rrc/rc/crrrrf:6sTs|7h9s/6c7cQs/Th/4s:120|-120:Bob|Alice
STATE:222:cc/cc/rrc/rc:2d8h|Kc2s/8c3d9s/Ks/6c:-70|70:Alice|Bob
STATE:223:rrc/rc/rrf:Tc3c|Kc7h/7dAd3h/Jd:-60|60:Bob|Alice
STATE:224:rrf:3h3s|Ts2d:20|-20:Alice|Bob
STATE:225:cc/rc/rc/rc:2d4h|6d7d/TsQhQd/Ad/3s:-60|60:Bob|Alice
STATE:226:cc/rc/cc/cc:AsKc|2cTs/5cAcKs/Td/Qh:20|-20:Alice|Bob
STATE:227:cc/rrrc/rrrc/cc:6s7d|9s3c/5sQhTd/4c/2c:-100|100:Bob|Alice
STATE:228:rc/cc/rrc/crrrrc:Ac3s|5h2d/Jc7dQs/9d/4s:140|-140:Alice|Bob
STATE:229:cc/cc/crrc/rrf:JsJh|Kh6h/As6d3c/Qc/Ac:-70|70:Bob|Alice
STATE:230:rf:2c9c|4d9d:-10|10:Alice|Bob
STATE:231:crc/crrc/crc/cc:2h2d|3h6s/7c4hTc/3d/Ad:-60|60:Bob|Alice
STATE:232:cc/crrc/cc/crrrf:6c9s|JsTs/9c7cKd/Tc/2c:-70|70:Alice|Bob
STATE:233:crc/cc/rc/crc:Qs5h|TcKc/Jh9c2s/8s/Jd:-60|60:Bob|Alice
STATE:234:crc/crrrrc/cc/cc:Td6s|AdTc/8c4hKc/3c/3h:-60|60:Alice|Bob
STATE:235:cc/crc/cc/rc:5s8c|6d4c/4d6c3d/7d/2s:40|-40:Bob|Alice
STATE:236:crc/rc/rrrc/rrrrc:8d5s|3s2d/3dAc6h/Tc/9s:-170|170:Alice|Bob
STATE:237:rrc/cc/rrrc/rc:8h6c|KhAh/QsTd2h/Jc/4h:-110|110:Bob|Alice
STATE:238:rf:Js3s|6d8h:-10|10:Alice|Bob
STATE:239:rc/rc/crc/cc:9sQd|8s6h/JdAs5c/3d/Js:50|-50:Bob|Alice
STATE:240:rrc/crrc/cc/rc:7c4s|Kh2d/AhQdQs/3d/9c:-70|70:Alice|Bob
STATE:241:rrrc/crc/rc/cc:6d6c|3c7h/3s4h5c/9c/2h:70|-70:Bob|Alice
STATE:242:cc/rrc/rc/crc:3d8d|JdAd/7h9s9h/Ac/Js:-70|70:Alice|Bob
STATE:243:rrc/rrc/crrc/rc:3s3h|9h8c/TsJcTh/Qd/4h:-110|110:Bob|Alice
STATE:244:cc/rrrc/rrrrc/cc:8d7d|Ah9d/JcTd9h/Ks/3s:120|-120:Alice|Bob
STATE:245:cc/rrrc/rrc/crrrrc:QcQs|7dQh/8h9d5d/Js/6d:-160|160:Bob|Alice
STATE:246:crc/rrrc/rrrc/rrrc:KdJc|QdQs/6dJhAd/4c/Tc:-170|170:Alice|Bob
STATE:247:crrc/crrc/cc/cc:QsAd|2h7s/ThJdJs/2s/4s:-50|50:Bob|Alice
STATE:248:rrrc/rrc/rrrrc/rrc:Tc5d|4dKs/4cTsJc/3d/9c:180|-180:Alice|Bob
STATE:249:rf:7c2d|Ks5s:-10|10:Bob|Alice
STATE:250:rrrc/rrc/crc/rrrc:7h2c|Qd5h/Ah6dTc/Qs/4d:-140|140:Alice|Bob
STATE:251:cc/rf:Jh4c|AcTs/3d3c2d:10|-10:Bob|Alice
STATE:252:crc/rrc/cc/crc:3c3s|Qh5h/JhKhQc/2c/7c:-60|60:Alice|Bob
STATE:253:cc/rrrrc/cc/cc:5s4s|KdTc/7s5c6h/Jh/2d:50|-50:Bob|Alice
STATE:254:crc/rrrc/cc/rc:2s5s|6h7c/2hTd6d/3h/5d:70|-70:Alice|Bob
STATE:255:cc/cc/crc/rf:8hAd|5c8s/5h7h2h/7c/Tc:30|-30:Bob|Alice
STATE:256:rrc/rf:7dJd|6s5d/Kh5s4s:30|-30:Alice|Bob
STATE:257:rf:9hJs|5c8d:-10|10:Bob|Alice
STATE:258:cc/cc/cc/rc:6dAd|6h7s/4dTs4h/3h/Kh:30|-30:Alice|Bob
STATE:259:rc/rrc/rrrrf:JhTc|9c4s/Qd3sTh/4c:-100|100:Bob|Alice
STATE:260:rc/cc/rrc/cc:7h8s|5cJh/6h4d3h/Kh/7d:-60|60:Alice|Bob
STATE:261:rrc/rrc/cc/rc:JhKc|9c7s/3h7d9s/7c/4h:-70|70:Bob|Alice
STATE:262:crf:8s7s|4cKc:10|-10:Alice|Bob
STATE:263:rc/crrc/rrrc/rc:9d2s|5sQh/KsTh9s/2c/3h:120|-120:Bob|Alice
STATE:264:crrrc/crc/cc/cc:Jd2d|4dKc/7cKd2h/9c/4s:-50|50:Alice|Bob
STATE:265:crrc/rrrc/cc/cc:QhKh|9s6s/3sJcKs/2s/Kc:-60|60:Bob|Alice
STATE:266:f:7sTs|9d2h:5|-5:Alice|Bob
STATE:267:rf:3cTd|6dQc:-10|10:Bob|Alice
STATE:268:cc/rf:5c4s|9h4d/2dQsQd:10|-10:Alice|Bob
STATE:269:crrc/cc/rc/rc:3d7s|2d9h/TcQhTs/Js/5s:-70|70:Bob|Alice
STATE:270:rc/rc/rc/rrc:9s8h|AsTh/TcQcAc/5h/Ts:-90|90:Alice|Bob
STATE:271:cc/cc/cc/rc:JcJh|Th4d/5sTs8s/Kh/Jd:30|-30:Bob|Alice
STATE:272:crrc/rrrrc/crc/cc:3s8h|Td5d/5s8sKh/7s/2s:90|-90:Alice|Bob
STATE:273:rrrf:7dQh|9dQd:-30|30:Bob|Alice
STATE:274:rc/crc/rrrf:9dKh|Tc2h/8d2dKs/As:70|-70:Alice|Bob
STATE:275:crrc/rrc/rc/cc:As9d|Ad5s/Ac7cQc/5d/Ts:-70|70:Bob|Alice
STATE:276:crrf:3c2c|ThAc:-20|20:Alice|Bob
STATE:277:rc/rc/crrc/rc:Ts7h|Td3s/8cThAh/8d/3h:0|0:Bob|Alice
STATE:278:rf:Jd5d|3c5s:-10|10:Alice|Bob
STATE:279:crrrc/rc/cc/rrc:Kh3h|TsQc/Kd8s6s/4s/7d:90|-90:Bob|Alice
STATE:280:crc/rrrc/rc/cc:4h7h|8sQc/8hQdJd/3h/6c:-70|70:Alice|Bob
STATE:281:cc/crc/cc/cc:8sQs|4h6d/7sQhAh/Ts/Th:20|-20:Bob|Alice
STATE:282:rc/rc/crf:As3s|Ks5h/2s5dJh/9s:-30|30:Alice|Bob
STATE:283:cc/rc/rrrc/cc:Js7c|9d3s/KcAs3d/5h/3h:-80|80:Bob|Alice
STATE:284:rc/cc/crc/crc:AhTc|7s2d/7d9hQs/3d/As:60|-60:Alice|Bob
STATE:285:f:8h3d|6cQh:5|-5:Bob|Alice
STATE:286:cc/cc/cc/rc:Qs6d|8s5c/Ad3d8c/7h/Qc:30|-30:Alice|Bob
STATE:287:cc/cc/cc/cc:6c6d|8c8s/5dAhQc/3d/2s:-10|10:Bob|Alice
STATE:288:cc/rc/rrc/rrc:Ah9h|7c5c/6hKsQs/6c/2h:100|-100:Alice|Bob
STATE:289:rrrc/crrrf:Ac3c|TcKh/2d5c7s:-60|60:Bob|Alice
STATE:290:rrrc/rc/rrrc/cc:Td5d|6s4d/5s7dQd/Jd/7h:110|-110:Alice|Bob
STATE:291:crrf:9c7c|7s4s:-20|20:Bob|Alice
STATE:292:crrc/rc/cc/rc:8hQh|3c9h/AhTd4d/Th/7c:60|-60:Alice|Bob
STATE:293:crrc/cc/crc/crrrrc:2d7c|8hKs/5c9cKc/6c/5s:130|-130:Bob|Alice
STATE:294:cc/cc/cc/cc:5c3h|6cQc/2s8s8h/Js/Kh:-10|10:Alice|Bob
STATE:295:crc/rrrrf:Ac2d|Td4d/9hKhAd:-50|50:Bob|Alice
STATE:296:rc/rc/crf:3sQd|2cQs/5c6d3c/Qc:-30|30:Alice|Bob
STATE:297:f:8c8h|QhQc:5|-5:Bob|Alice
STATE:298:cc/crc/crrc/rc:9c7c|7s6d/TsTdQc/Qh/7d:80|-80:Alice|Bob
STATE:299:rrc/crrrc/rf:7sKc|2dAd/Jd5dKh/3c:60|-60:Bob|Alice
STATE:300:rrrc/cc/cc/crrc:2cQc|KhJd/AsJsTc/Td/Qs:-80|80:Alice|Bob
STATE:301:rrrc/cc/rc/rrc:5dKd|Qc6h/3s9sJh/Tc/7d:100|-100:Bob|Alice
STATE:302:f:3sQc|9c6h:5|-5:Alice|Bob
STATE:303:rc/cc/cc/rrc:As7c|5hKc/3dTh8s/7d/Ks:-60|60:Bob|Alice
STATE:304:cc/rrrc/cc/rc:Js7c|2h6d/4s9c8d/Kc/7h:60|-60:Alice|Bob
STATE:305:cc/crc/cc/cc:8h6d|2sAs/AdQcQd/Ah/3s:-20|20:Bob|Alice
STATE:306:rc/rrc/rc/crc:JcKs|7s5d/9d3cQh/Jd/4s:80|-80:Alice|Bob
STATE:307:cc/crc/rc/rc:Js4s|2d7c/9h9s4d/7s/Tc:-60|60:Bob|Alice
STATE:308:rf:Th2h|Ac5d:-10|10:Alice|Bob
STATE:309:f:7hKh|5sQc:5|-5:Bob|Alice
STATE:310:rrc/crc/cc/crc:2h2c|5d6c/Kh7h6d/Ac/Td:-60|60:Alice|Bob
STATE:311:cc/rc/cc/crc:6cAd|QsJh/Kh7hKd/As/8d:40|-40:Bob|Alice
STATE:312:rc/rc/rc/crc:7h8d|JsKc/7cJhTh/3c/Ah:-70|70:Alice|Bob
STATE:313:f:6dQh|3hQd:5|-5:Bob|Alice
STATE:314:rrrc/rrrc/cc/rc:5d6c|TcAc/7s9s9h/4c/3d:90|-90:Alice|Bob
STATE:315:crrrc/cc/rrrrc/crrrc:2c5d|Qs9c/Th4sJh/Jc/8d:-180|180:Bob|Alice
STATE:316:crrrc/crrrf:Qs2d|3s9d/Kh5c2c:-60|60:Alice|Bob
STATE:317:cc/crrrrc/crrrc/rrrc:3h9c|2c4c/3cJh9s/6s/Ad:170|-170:Bob|Alice
STATE:318:crrrc/rc/rc/rrrc:ThJh|Qc6c/Jc2c4h/7h/Kc:-130|130:Alice|Bob
STATE:319:rc/rc/rc/cc:QdKd|9s8h/6hKc5s/3c/6c:50|-50:Bob|Alice
STATE:320:cc/crrc/crc/rc:5d3h|8cQc/Th7d5h/4s/Jc:70|-70:Alice|Bob
STATE:321:rc/rc/cc/cc:Td9d|7s4h/3h2hJs/Th/Ad:30|-30:Bob|Alice
STATE:322:cc/cc/cc/rrrrc:Js6c|Kh7d/6sAsQh/7s/7c:-90|90:Alice|Bob
STATE:323:rf:Kc8c|7s9c:-10|10:Bob|Alice
STATE:324:rc/rc/rrrc/rc:Qd7h|Qs4s/Ts4dJd/9h/5h:-110|110:Alice|Bob
STATE:325:rc/crf:Jh7d|2d9d/QcAd7h:-20|20:Bob|Alice
STATE:326:cc/crc/cc/cc:3h5h|2c4d/8sKdAs/Qs/Js:0|0:Alice|Bob
STATE:327:cc/cc/cc/cc:KhQc|QhAh/3c5d7d/Jd/2h:-10|10:Bob|Alice
STATE:328:rrc/crc/rrrrc/rrc:2h8h|QhAs/Kd8c5d/7s/Kc:160|-160:Alice|Bob
STATE:329:crrrc/cc/cc/cc:AsTd|Tc3c/TsJhAd/Qh/Kh:0|0:Bob|Alice
STATE:330:rc/cc/rrrc/cc:AsQd|7c3s/8d7h6c/3h/Qs:-80|80:Alice|Bob
STATE:331:rf:8cAc|As3h:-10|10:Bob|Alice
STATE:332:rf:Js4h|6h7d:-10|10:Alice|Bob
STATE:333:crrc/cc/cc/cc:8cKh|3h9s/6d9h4h/Tc/2h:-30|30:Bob|Alice
STATE:334:rc/crc/cc/cc:Td4h|8c8h/7d5dJd/Kh/5s:-30|30:Alice|Bob
STATE:335:rc/crc/cc/crrrc:7h3d|JsAh/9dQsAc/Jd/Kc:-90|90:Bob|Alice
STATE:336:crrc/rc/crc/rrf:Td6s|8cQs/9s2cQd/Ah/3h:-80|80:Alice|Bob
STATE:337:cc/rc/crrc/rc:AdKc|Ah7d/Kd6h2d/6c/5d:80|-80:Bob|Alice
STATE:338:rc/crrc/rc/rrrc:7dKc|6c3s/7s8d6h/9s/5s:0|0:Alice|Bob
STATE:339:cc/rf:3d4d|9d4c/9h7d8s:10|-10:Bob|Alice
STATE:340:rc/rrc/rc/crrrc:7hJc|4c2d/TcKh8s/Th/9s:120|-120:Alice|Bob
STATE:341:f:7dQh|8s9s:5|-5:Bob|Alice
STATE:342:rrrf:5d3d|7cJs:-30|30:Alice|Bob
STATE:343:cc/rrrc/rc/crc:4cKd|4h7c/7hQdKh/9h/4s:80|-80:Bob|Alice
STATE:344:crrrc/crrc/rc/crc:3sJh|9cTs/QsAd2d/9h/Th:-100|100:Alice|Bob
STATE:345:cc/crf:8dTh|Td7h/3cJc5c:-10|10:Bob|Alice
STATE:346:rc/rc/rc/rc:Td4c|JdQc/JcQh5s/5h/3h:-70|70:Alice|Bob
STATE:347:rc/rrrc/rc/rc:6s3c|JdQc/7sTsKh/8s/8c:-90|90:Bob|Alice
STATE:348:crc/rrrrc/rc/rc:5hKc|3c8d/2h6c2s/Kd/Td:100|-100:Alice|Bob
STATE:349:rc/cc/cc/rrc:Ts8d|AdTd/6c6s9h/6h/Ah:-60|60:Bob|Alice
STATE:350:rc/crc/rrc/rrrc:QcJs|Ks4h/2s3hKc/3d/9c:-130|130:Alice|Bob
STATE:351:crc/crc/rrrc/cc:Jd2c|Td6s/3h5c8h/7h/As:90|-90:Bob|Alice
STATE:352:crrrc/crrrc/cc/cc:3h6s|5sAc/8hAs2d/Js/Qh:-70|70:Alice|Bob
STATE:353:rrc/cc/crrc/rrrrc:8s6h|4hTc/4s6d5h/4c/2s:-150|150:Bob|Alice
STATE:354:crrrc/crrc/crc/rc:As8s|2s2d/5s3sJd/8c/Qs:100|-100:Alice|Bob
STATE:355:crc/cc/rrc/cc:8c9s|Jh9h/3hQh2c/Td/Kc:-60|60:Bob|Alice
STATE:356:rrc/rrc/crc/rrrc:7c5d|2dJd/6cKdTc/8c/6d:-130|130:Alice|Bob
STATE:357:rrc/rrc/crrrc/crrc:5h4c|4s3d/4d3c3s/Kd/6c:-150|150:Bob|Alice
STATE:358:crc/crc/rrrc/rrrc:Js4c|Jh7c/JcQs6h/6d/3s:0|0:Alice|Bob
STATE:359:rrrc/rrrrc/rc/cc:7d5s|6c9h/Kh7c3c/5c/9s:100|-100:Bob|Alice
STATE:360:crrc/cc/crc/cc:JdJs|9c3c/5sQc2d/7d/4c:50|-50:Alice|Bob
STATE:361:rc/crrrrf:8cJc|Kd7s/6dAdAs:50|-50:Bob|Alice
STATE:362:cc/cc/rrc/rrc:KsAh|7s8s/TsJc9h/3d/7c:-90|90:Alice|Bob
STATE:363:crc/rrc/rc/rrc:Td2h|9d3h/5cJsAh/Tc/9c:100|-100:Bob|Alice
STATE:364:rrf:QdTh|9dAd:20|-20:Alice|Bob
STATE:365:rc/rrc/rc/rc:TcJd|6d2c/3c8sAc/9c/8h:80|-80:Bob|Alice
STATE:366:rrrc/cc/rrc/rrc:6d2h|2c5d/Qs8h6s/7h/2s:120|-120:Alice|Bob
STATE:367:crc/cc/cc/crrrc:3h8c|9s8s/3dKd6s/Kc/2s:80|-80:Bob|Alice
STATE:368:rc/crrc/rrrc/rc:6d3d|TdQh/4h9cJh/Ac/4d:-120|120:Alice|Bob
STATE:369:crc/rc/crrrrc/crc:2sKd|4dJd/Qd2d6s/6c/Tc:130|-130:Bob|Alice
STATE:370:rrrc/rrc/crc/rc:9dTh|7dJc/2s4c9s/4d/As:100|-100:Alice|Bob
STATE:371:rc/crc/crc/rc:6h9c|9d8c/6cJs7s/5c/2s:-70|70:Bob|Alice
STATE:372:crc/crrrrc/crrc/crc:6dJc|Ah8d/8c9h3s/2d/Qc:-120|120:Alice|Bob
STATE:373:cc/rc/crrc/crrc:Qs2c|7cTc/6hKsKh/9s/Td:-100|100:Bob|Alice
STATE:374:rrc/rc/crc/rrc:As7h|8dAh/6dThTc/Jc/Qc:0|0:Alice|Bob
STATE:375:rrc/rc/rrc/rc:6s6d|Ts7c/Tc3hKd/5d/7d:-100|100:Bob|Alice
STATE:376:crc/crrc/cc/rc:9s8c|Ac6s/7s8sQc/3d/5c:60|-60:Alice|Bob
STATE:377:cc/rc/rrrrc/rrrrc:9hTd|Ts8c/2d5c7d/9s/Th:180|-180:Bob|Alice
STATE:378:rrrc/cc/rrrc/rc:8hQh|4h5c/2s3d5h/Ts/Kh:-120|120:Alice|Bob
STATE:379:rrc/rc/rc/rrc:9s8c|Js9c/Kd9hJd/Ad/6h:-100|100:Bob|Alice
STATE:380:rrc/crc/crrrc/rc:5d8d|Kh5h/5sTsAc/As/2d:-120|120:Alice|Bob
STATE:381:rc/cc/rc/rf:7c7d|KsQh/QsJs7h/Kc/As:40|-40:Bob|Alice
STATE:382:rrc/rc/cc/rrrrc:JdJc|6s9s/KcTh3c/7c/7d:120|-120:Alice|Bob
STATE:383:rc/cc/rrrc/crrc:8d5c|5h5d/8h2h4h/Qs/Js:120|-120:Bob|Alice
STATE:384:rc/crrc/rrrrc/crc:8c4c|8hAh/5c4d8d/6s/2s:140|-140:Alice|Bob
STATE:385:rc/rrrrc/rc/rc:3h2c|9sAs/Td4sKh/8d/4d:-100|100:Bob|Alice
STATE:386:cc/rc/rc/cc:2c9h|3hQs/8cAhTh/7s/7d:-40|40:Alice|Bob
STATE:387:crrc/rc/rc/crc:Jc9h|3h6h/5hTs8c/Ac/Tc:80|-80:Bob|Alice
STATE:388:rc/cc/rrrc/cc:Th4h|5s7d/Ts6dKh/6s/5c:80|-80:Alice|Bob
STATE:389:cc/rc/cc/rrrrc:9sJh|2h2c/6h3dAh/Td/5h:-100|100:Bob|Alice
STATE:390:rc/cc/rrc/crc:8h2s|2hKs/7hQhAh/7s/Qd:0|0:Alice|Bob
STATE:391:rf:5s7c|3s2h:-10|10:Bob|Alice
STATE:392:crrrc/rc/cc/rrc:Td8c|9s7d/7cAh9h/Ts/8h:90|-90:Alice|Bob
STATE:393:rc/cc/rf:7cJc|8c8d/3sTdQc/6d:20|-20:Bob|Alice
STATE:394:crrc/cc/rc/crrc:6h7s|8h6d/4hJs3h/Jc/6s:-90|90:Alice|Bob
STATE:395:rrrc/rrrc/rc/cc:Jc3s|8h9s/Ac6cJh/7h/Qh:90|-90:Bob|Alice
STATE:396:rc/crrc/crrrc/rrc:3hJs|Kh2d/Qd7s7d/4s/9h:-140|140:Alice|Bob
STATE:397:rc/rc/rc/crrrc:KsTs|Qh5d/Kc6h8c/9d/3s:110|-110:Bob|Alice
STATE:398:rc/rrc/crc/cc:8cJd|4c4d/QcAc2s/Ks/6c:-60|60:Alice|Bob
STATE:399:cc/rrrrf:4s7d|5d5s/9h8h9s:-40|40:Bob|Alice
STATE:400:cc/rrc/cc/crrrc:3hAc|AhKd/Jd7s2d/Js/Qs:-90|90:Alice|Bob
STATE:401:cc/rf:7cQs|JcKd/4hJd4d:10|-10:Bob|Alice
STATE:402:crc/rrc/rf:Qh3c|Js5s/6d9hKd/Jd:40|-40:Alice|Bob
STATE:403:crrc/crc/cc/cc:Ks6h|Qh8d/JsKhTd/As/5h:-40|40:Bob|Alice
STATE:404:crrrc/crc/cc/cc:Qc5c|9sKh/Ah5h2d/Kd/3c:-50|50:Alice|Bob
STATE:405:crc/rc/rc/cc:2h4d|8s8c/5cQs3c/3d/Kc:-50|50:Bob|Alice
STATE:406:cc/cc/rf:3h9c|4d7h/Jc4c6s/Qs:10|-10:Alice|Bob
STATE:407:cc/cc/crrc/cc:3d8h|4sAh/TdQs4c/Ac/7d:-50|50:Bob|Alice
STATE:408:crrrc/rf:Td9s|9c7d/Ks3c3s:40|-40:Alice|Bob
STATE:409:cc/rrc/crc/rc:7s2h|9sKd/6s3h8d/2d/Ah:70|-70:Bob|Alice
STATE:410:f:2d6c|Jc7s:5|-5:Alice|Bob
STATE:411:rrrc/rrrc/rc/cc:8c4h|9h7d/AcQcKd/5s/5d:0|0:Bob|Alice
STATE:412:rc/rrc/rrrc/rrrc:3d5d|Kd2h/9d5cQd/Ac/Qs:160|-160:Alice|Bob
STATE:413:rc/cc/crrrc/rrrrf:6d6c|4s2c/2s7hQc/Kh/7c:-140|140:Bob|Alice
STATE:414:rrc/rc/rc/cc:5sQs|4s2c/6sKsAh/Ad/9h:60|-60:Alice|Bob
STATE:415:rrc/cc/crc/cc:Jd4s|8s2c/3s4c5c/Tc/3c:-50|50:Bob|Alice
STATE:416:rc/crrc/rrrc/cc:AsJs|3h5h/QdKd6h/Jc/Th:100|-100:Alice|Bob
STATE:417:rc/rc/cc/rrrc:Qd7s|Kc2d/Ac4d9s/9c/Qc:90|-90:Bob|Alice
STATE:418:cc/cc/rrrrc/rrc:8hQd|3c6h/JsTs6d/Kc/Ac:130|-130:Alice|Bob
STATE:419:rrc/crrc/rc/rc:2d8c|Ks8s/Qs9s3c/3h/7h:-90|90:Bob|Alice
STATE:420:crf:4sJd|JsKs:10|-10:Alice|Bob
STATE:421:rf:TcTh|2h5c:-10|10:Bob|Alice
STATE:422:cc/rc/rc/crrc:8cKh|5cKd/Tc7dTs/Th/5d:-80|80:Alice|Bob
STATE:423:crc/rrc/crrc/rrrrf:Ah9h|8d5d/Tc3d4c/6c/Ac:-140|140:Bob|Alice
STATE:424:f:3h6d|5cQc:5|-5:Alice|Bob
STATE:425:rc/rc/rrc/cc:4d5c|9d6c/6s8cJc/7d/Qh:70|-70:Bob|Alice
STATE:426:cc/cc/cc/cc:7sTh|4sAs/4d9cQs/Ts/6d:10|-10:Alice|Bob
STATE:427:f:Jc5d|Qs5h:5|-5:Bob|Alice
STATE:428:cc/rrc/crc/rc:4s2s|Js3h/TdQh2h/5s/Th:70|-70:Alice|Bob
STATE:429:f:3s8c|9c5d:5|-5:Bob|Alice
STATE:430:cc/rc/rf:5d4d|2cKc/Kh2sQs/9c:20|-20:Alice|Bob
STATE:431:rc/cc/cc/crrc:7d8s|ThJh/7h7cTd/4d/3s:60|-60:Bob|Alice
STATE:432:cc/cc/cc/cc:Qd5s|AcTd/Kd2h6c/5d/9d:10|-10:Alice|Bob
STATE:433:rrc/crc/rc/cc:9cAh|3h5h/JhQh5c/Jc/Qc:60|-60:Bob|Alice
STATE:434:crrc/cc/crc/rc:2sTs|Qh8s/6s2d9d/6c/Ah:70|-70:Alice|Bob
STATE:435:rc/rrrrc/rc/cc:2h5c|JsQs/7s5sQh/3h/6s:-80|80:Bob|Alice
STATE:436:cc/rc/rrc/rc:Ah9d|JcAs/3cQh7d/Qd/6s:-80|80:Alice|Bob
STATE:437:crrf:Qc2d|Kh3h:-20|20:Bob|Alice
STATE:438:rrc/crc/rrc/cc:7dKd|5cQc/6cJhJc/4s/8d:80|-80:Alice|Bob
STATE:439:crrrc/cc/crc/cc:Ts3s|Th2c/2d2s4c/3d/7c:-60|60:Bob|Alice
STATE:440:cc/cc/cc/crc:Jd8d|8c3h/QhJs2d/Td/6d:30|-30:Alice|Bob
STATE:441:crc/cc/cc/rrc:Jc6c|JdQs/5d3h9h/Qd/6d:-60|60:Bob|Alice
STATE:442:rc/rrrc/rrc/cc:4s3s|2hAh/QdKh9d/Tc/Kc:-90|90:Alice|Bob
STATE:443:crrf:Ah2d|Qc9h:-20|20:Bob|Alice
STATE:444:cc/rrc/cc/crc:KdTc|9d6s/Js4c8s/8d/4s:50|-50:Alice|Bob
STATE:445:cc/rc/rrf:6cKc|5sJs/7s7c2c/3c:-40|40:Bob|Alice
STATE:446:rrc/crc/rrc/rrrrc:Kd5s|6hJc/JhAd3c/Tc/Ah:-160|160:Alice|Bob
STATE:447:rc/rrf:AcJh|As6h/5d2s7s:-30|30:Bob|Alice
STATE:448:crc/crrc/cc/rc:8c7d|4dQs/4h8dAh/5c/Td:60|-60:Alice|Bob
STATE:449:cc/cc/crrrrc/rc:Td5d|KcAh/5c7cJh/9c/8d:110|-110:Bob|Alice
STATE:450:rc/cc/rrc/rc:Jd4c|5c7d/JcJhTs/Kh/Qh:80|-80:Alice|Bob
STATE:451:cc/crc/rc/cc:Th5h|6dKs/9hAc4d/9c/9s:-40|40:Bob|Alice
STATE:452:rrrc/cc/crrrc/rrrc:Kh8c|3dTd/6sTcJc/Jd/7d:-160|160:Alice|Bob
STATE:453:rc/rrrf:Qd5h|Ah8s/5dTc6c:40|-40:Bob|Alice
STATE:454:rrrf:9s3c|7cQc:-30|30:Alice|Bob
STATE:455:rf:5sAs|TdTc:-10|10:Bob|Alice
STATE:456:rrrc/cc/crrc/rc:KsKd|8cTh/2d6c2c/5c/7h:100|-100:Alice|Bob
STATE:457:crrc/cc/rrrf:9c6h|Qd7d/4sKhJc/9s:70|-70:Bob|Alice
STATE:458:cc/cc/rrc/crrf:5c9h|9d5d/6cTh3d/Qh/4s:70|-70:Alice|Bob
STATE:459:rc/rrc/rc/cc:8sAd|3hJh/6c8d3d/2s/2c:60|-60:Bob|Alice
STATE:460:rrrc/cc/rrc/cc:8sJc|5d7d/Jh7c5h/Ad/7h:-80|80:Alice|Bob
STATE:461:crc/rc/cc/rrc:5c4h|KdJc/Js6h3s/Tc/Ac:-70|70:Bob|Alice
STATE:462:rc/rrc/cc/cc:7sJc|4h2s/2hQs5h/2c/7d:-40|40:Alice|Bob
STATE:463:cc/rc/rf:Ah4d|3cKs/2s4sJc/8c:20|-20:Bob|Alice
STATE:464:rrc/crrrf:Kc7h|5h7d/Js9c5s:-50|50:Alice|Bob
STATE:465:cc/rf:2cTs|6c3c/5cAcQc:10|-10:Bob|Alice
STATE:466:rrc/cc/cc/rrf:9s9h|JsAd/5s6c4d/8d/Kc:-50|50:Alice|Bob
STATE:467:cc/rf:8h9s|Kd6d/3dTh9c:10|-10:Bob|Alice
STATE:468:crrc/crrrc/rc/rrrc:Qc3c|2s8c/Jc4h6d/7h/Ac:140|-140:Alice|Bob
STATE:469:rrc/crc/crc/crc:4h9c|Qh3d/5h7sJd/2c/Td:-80|80:Bob|Alice
STATE:470:f:5cTs|7h9s:5|-5:Alice|Bob
STATE:471:crrc/rrrc/rrrc/rrrrc:JhTh|3s9h/6cKs4h/2d/Qs:200|-200:Bob|Alice
STATE:472:rc/rc/rrc/rrrc:8sQc|Kh7c/5dAh8c/9h/4c:130|-130:Alice|Bob
STATE:473:rrrf:4sKd|4d5c:-30|30:Bob|Alice
STATE:474:rc/rc/rrrrc/rc:7dJh|3hTh/2d8hTc/Kh/Td:-130|130:Alice|Bob
STATE:475:rc/cc/rrrc/rrc:4sKs|6h7c/Ts2dTc/2s/Kc:120|-120:Bob|Alice
STATE:476:rc/crc/crrf:Qc4c|4h7c/8d3c9d/Qh:50|-50:Alice|Bob
STATE:477:rc/crc/cc/crrrrc:8s5s|5hAc/Td9hJs/6d/Kh:-110|110:Bob|Alice
STATE:478:cc/rc/cc/crc:Td8c|4c2d/Qh8d2c/Qc/Js:40|-40:Alice|Bob
STATE:479:rc/rf:9h6s|5hTd/Qd7c5d:20|-20:Bob|Alice
STATE:480:cc/rc/rc/rc:9h6h|Kc2d/8d5cKd/Th/6c:-60|60:Alice|Bob
STATE:481:crrrc/cc/cc/rc:2sQc|2d8s/As5hKc/8c/Jc:-60|60:Bob|Alice
STATE:482:crc/cc/crrrrc/rrc:AdTd|7h5d/Kd6c3c/7s/3h:-140|140:Alice|Bob
STATE:483:rc/cc/rrc/cc:5c5h|3c3h/4h5d4c/Td/7h:60|-60:Bob|Alice
STATE:484:cc/crf:5cQh|QsTc/4s7hTd:-10|10:Alice|Bob
STATE:485:rrf:As4h|9cQs:20|-20:Bob|Alice
STATE:486:rc/crc/crrrrc/rc:5s8s|5d6c/2h9dKs/2c/Th:0|0:Alice|Bob
STATE:487:rc/cc/cc/cc:Kd6c|QdAs/4dKhTs/7h/4h:20|-20:Bob|Alice
STATE:488:rrrf:AhKc|3cKd:-30|30:Alice|Bob
STATE:489:rrc/rrc/crrrrf:QhKc|9c2d/3hThAd/7h:110|-110:Bob|Alice
STATE:490:rrrc/cc/rrrrc/cc:Qd3s|QcJc/Ac3dAs/2h/9c:120|-120:Alice|Bob
STATE:491:cc/rrrrc/rrrc/rrc:8d2h|Kh2s/Jd3c6h/8c/Ad:150|-150:Bob|Alice
STATE:492:crrc/rc/rrrrc/rrc:Qh6c|5d4c/Td9sAc/5s/Jh:-160|160:Alice|Bob
STATE:493:rc/rc/rrc/cc:Ac9d|2h3c/Kd7c4c/2c/3s:-70|70:Bob|Alice
STATE:494:crc/rf:QdJc|7hTh/3cAd9s:20|-20:Alice|Bob
STATE:495:crc/rrrrc/rrc/cc:Ac6h|7c2c/KcAd3c/6s/4c:-100|100:Bob|Alice
STATE:496:cc/rc/crc/crc:4s6s|7d2c/Tc4cTd/9s/Kh:60|-60:Alice|Bob
STATE:497:cc/cc/rrc/cc:Jd9h|7h3s/6s3h4h/Qc/3c:-50|50:Bob|Alice
STATE:498:rc/rrrc/crrrrc/crrc:4d5d|7s9d/6dQs3d/Ah/7d:170|-170:Alice|Bob
STATE:499:crc/rrc/rc/cc:2c9c|KhQs/2hQc6c/3d/Qd:-60|60:Bob|Alice
STATE:500:rc/cc/cc/crrc:9d2d|Th6h/4s3s6s/Jh/Js:-60|60:Alice|Bob
STATE:501:f:3h5c|Qc9c:5|-5:Bob|Alice
STATE:502:crrc/crc/cc/rrrrc:5s7h|9s3d/Kc9d8d/Js/4h:-120|120:Alice|Bob
STATE:503:rc/crc/cc/cc:3c5c|Kd2h/AhTc3s/As/Qs:30|-30:Bob|Alice
STATE:504:crrf:9dAd|6d7c:-20|20:Alice|Bob
STATE:505:cc/rrrrc/rrc/cc:3c8h|Jh7c/Ac4d7d/5c/6h:90|-90:Bob|Alice
STATE:506:cc/rc/cc/crrrf:9h6s|QcAc/AsJc2c/9d/Kc:-60|60:Alice|Bob
STATE:507:rrc/rrc/crc/crrc:4h4s|7dKh/5d9cQc/Js/7h:-110|110:Bob|Alice
STATE:508:cc/rc/rrc/cc:6sJs|QhQc/6cTh3d/8s/9d:-60|60:Alice|Bob
STATE:509:cc/rc/rrrc/rc:8cKd|5dJs/4d9s8d/Ah/Jd:-100|100:Bob|Alice
STATE:510:cc/rrrrc/rrrf:Qd5h|Ts4s/3sAcTc/2s:90|-90:Alice|Bob
STATE:511:rrc/cc/rc/crc:Qh8h|9s5s/6s4c3h/9c/8d:-70|70:Bob|Alice
STATE:512:rc/crrf:6c9s|8cTc/Kc2s2c:30|-30:Alice|Bob
STATE:513:crrrc/rrrrf:3hTh|2h2c/7cJd8s:-70|70:Bob|Alice
STATE:514:cc/rc/rrc/crc:9d5d|QsTh/Jc4s6c/9s/Td:-80|80:Alice|Bob
STATE:515:rrc/rrrrc/rrc/cc:2cJc|Qd5h/QhTsQs/7s/7c:-110|110:Bob|Alice
STATE:516:crrf:5c6c|JsAd:-20|20:Alice|Bob
STATE:517:rc/rc/rc/crc:Kd3h|8sKc/Ah4c3d/Jc/Th:70|-70:Bob|Alice
STATE:518:rrc/crrc/rc/rrc:5c2h|ThTc/Jc8c6s/Td/4h:-110|110:Alice|Bob
STATE:519:rc/rc/crc/rrrc:6c9d|2s3d/2h8dQs/Ts/8c:-110|110:Bob|Alice
STATE:520:crc/rc/rf:2s9h|2c4d/6c5hJd/8h:30|-30:Alice|Bob
STATE:521:cc/cc/rrrrc/rc:8d4d|JcTd/2h3d7s/2d/Js:-110|110:Bob|Alice
STATE:522:rrrc/crc/crrrrc/rrrc:Ac3s|TdJc/5c3c6d/Kc/Ah:190|-190:Alice|Bob
STATE:523:rc/crrrrf:3d7s|4d5h/8s9s3h:50|-50:Bob|Alice
STATE:524:rc/crrrrc/rc/cc:3cJd|KdAs/Qh2hJh/2c/3s:80|-80:Alice|Bob
STATE:525:rc/cc/crc/rc:AdKs|8cKd/5h2h4c/2s/8h:-60|60:Bob|Alice
STATE:526:rrc/rrrrc/crc/rc:2s5d|ThQs/5hAdJc/Ts/Qh:-110|110:Alice|Bob
STATE:527:rrrc/rrrc/crrrrc/rrrc:9h3h|AdJc/Td3s5d/2h/2c:210|-210:Bob|Alice
STATE:528:rrrc/cc/rrrc/rc:8h3d|4s5c/Td3sQs/Ks/Ts:-120|120:Alice|Bob
STATE:529:rrf:KhQh|6c7h:20|-20:Bob|Alice
STATE:530:f:Kc2d|KsAd:5|-5:Alice|Bob
STATE:531:rrc/rc/crrc/rc:7c6d|Ad7s/3sKc3h/7d/4c:-100|100:Bob|Alice
STATE:532:rc/rrc/crc/rrc:9h3d|6hQc/4hAhKh/4s/2d:-100|100:Alice|Bob
STATE:533:rc/cc/cc/crrc:Kh2c|6sAh/4sQc9d/3c/6d:-60|60:Bob|Alice
STATE:534:crrc/rc/crc/rc:3h6h|3c7s/5hTs4c/6d/Jh:-80|80:Alice|Bob
STATE:535:cc/rc/rrrrc/cc:Ah5h|8cAc/2h8h9s/Ts/Js:-100|100:Bob|Alice
STATE:536:crrc/rrc/cc/rrrrc:Qh9c|3h2d/Qd5dQc/Jh/Kh:130|-130:Alice|Bob
STATE:537:rc/rc/rc/crc:8hJc|4hQc/Ks8cAs/Ts/2c:70|-70:Bob|Alice
STATE:538:crc/rc/rc/rc:7d4d|2s6c/8c8sQc/Kc/Jc:-70|70:Alice|Bob
STATE:539:rrc/rrc/crrrc/rc:4c5s|7h8d/9s9h8c/7c/Jh:-130|130:Bob|Alice
STATE:540:crrrc/cc/rrrc/rrrrc:4d5s|6cTs/AhJd7d/7c/2c:-180|180:Alice|Bob
STATE:541:cc/crrf:Th3s|6h4h/Td2cAh:20|-20:Bob|Alice
STATE:542:f:8s8d|Qd3s:5|-5:Alice|Bob
STATE:543:crc/cc/rc/crrc:5h6c|Jh6d/8sQh9c/3s/7d:80|-80:Bob|Alice
STATE:544:rrf:QcQh|6d3s:20|-20:Alice|Bob
STATE:545:rc/cc/cc/rc:TdKc|8d5c/As9hAd/2d/2h:40|-40:Bob|Alice
STATE:546:rc/rc/rc/rrrrc:7s7d|QhAc/6dQs4c/Jd/5c:-130|130:Alice|Bob
STATE:547:rc/rrc/cc/rc:Td6s|Ad6h/AhQd9d/Ts/3d:-60|60:Bob|Alice
STATE:548:cc/crrrc/rrrrc/crc:6d2c|Kh8c/2hQc3h/5c/8s:-140|140:Alice|Bob
STATE:549:cc/rc/rc/cc:AhKc|JdKd/QdTh9c/Ad/Qc:-40|40:Bob|Alice
STATE:550:crf:4cJd|QdAd:10|-10:Alice|Bob
STATE:551:cc/cc/cc/crrf:3dJh|9sQc/6h5c6c/7h/8s:30|-30:Bob|Alice
STATE:552:cc/cc/rc/crc:Kh4s|8c7h/3d6s3s/Qs/8h:-50|50:Alice|Bob
STATE:553:cc/crc/rc/crc:6cJd|3d2s/Ah6sTc/Kh/5c:60|-60:Bob|Alice
STATE:554:rrc/rf:5s2d|QdTs/Kd8h7d:30|-30:Alice|Bob
STATE:555:cc/cc/rrc/rc:As2h|4sTc/2s7dKs/4h/Kh:-70|70:Bob|Alice
STATE:556:rc/crrc/cc/rc:5s9h|Qd7s/8h9d5c/Kc/As:60|-60:Alice|Bob
STATE:557:crrrc/rrc/rrc/crc:4h5c|2cKd/7d7h6c/2h/8d:120|-120:Bob|Alice
STATE:558:cc/rc/cc/rrrf:2hKd|AsAd/Jd9s2c/8c/2s:60|-60:Alice|Bob
STATE:559:rrrc/rrc/rc/rc:KcKd|7hJs/9cAs8h/7d/9h:100|-100:Bob|Alice
STATE:560:cc/rrrc/cc/crf:9dJs|2d8s/QdQhAs/4h/9h:-40|40:Alice|Bob
STATE:561:cc/rrrrc/rc/cc:2dTh|2sTs/Kh5dTc/7d/7c:0|0:Bob|Alice
STATE:562:rc/cc/rc/crrrc:3h8c|2s5s/9s4cKh/Qd/9d:100|-100:Alice|Bob
STATE:563:crc/cc/cc/cc:9c5h|7d6d/4c6h9s/Jh/3h:20|-20:Bob|Alice
STATE:564:cc/rc/crc/cc:5h8h|2dAs/8cKs6h/Ts/Kc:40|-40:Alice|Bob
STATE:565:rf:4h3d|Jh8h:-10|10:Bob|Alice
STATE:566:rrc/cc/cc/rrc:7cQc|3s8d/2s2h7h/5c/2c:70|-70:Alice|Bob
STATE:567:rrc/rrf:5dKh|8s7s/As2sTc:-40|40:Bob|Alice
STATE:568:rrc/crc/rc/rrrc:7dKd|3c6s/QsQhAs/8d/Ks:120|-120:Alice|Bob
STATE:569:crrrc/crrrc/rrc/rc:Ah4s|Ts6s/4dTd5c/2d/6c:-130|130:Bob|Alice
STATE:570:rc/rc/rrc/rc:Js7c|Tc8h/8cJh7d/5c/5h:90|-90:Alice|Bob
STATE:571:rrrc/rrrrc/rrc/rrc:9sQc|8d7c/5d9c2d/4s/5h:160|-160:Bob|Alice
STATE:572:rrc/rrc/crrc/crf:3dKd|8d5s/4cTcQd/3s/7h:-90|90:Alice|Bob
STATE:573:crf:Qc3c|9cTd:10|-10:Bob|Alice
STATE:574:f:Js9h|Kh3c:5|-5:Alice|Bob
STATE:575:crc/cc/cc/cc:4s2c|6s8c/7h3s9c/2s/Js:20|-20:Bob|Alice
STATE:576:rrrc/crrc/rrf:3s6h|6s8c/5hKsKc/As:-80|80:Alice|Bob
STATE:577:crc/cc/cc/crc:3dTs|Tc7d/AsKhJc/Qc/6h:0|0:Bob|Alice
STATE:578:rrc/crc/rc/rc:2d5c|3cQc/6sKs6h/Qd/5h:-80|80:Alice|Bob
STATE:579:cc/rrc/crrc/rrc:3h7d|9d6s/9c8sTd/4h/Qc:-110|110:Bob|Alice
STATE:580:crc/cc/rc/rc:4dQh|8c5c/9hKc2d/9d/Qs:60|-60:Alice|Bob
STATE:581:rrrc/rc/cc/cc:Qc4d|8c7d/Qd8hTh/4s/5s:50|-50:Bob|Alice
STATE:582:rc/rc/cc/crrrc:8dQs|3hQd/3cKc6d/Td/Qc:-90|90:Alice|Bob
STATE:583:cc/cc/rrc/rrf:9h3d|9c5d/As7s2c/5h/2s:-70|70:Bob|Alice
STATE:584:crrc/crrf:Qh8h|7s4c/Tc3cJh:40|-40:Alice|Bob
STATE:585:cc/cc/rc/cc:5h4s|9sQd/2c6d7d/Tc/6c:-30|30:Bob|Alice
STATE:586:rc/rrrc/rc/rc:3h7s|Js5s/Th9cTd/9s/As:0|0:Alice|Bob
STATE:587:cc/rrc/rf:5cTc|4d3h/9sJc9d/Qd:30|-30:Bob|Alice
STATE:588:cc/rrrrc/crc/crc:Qh8s|9s2h/4c3h7d/Kc/3s:90|-90:Alice|Bob
STATE:589:rrrc/cc/cc/crc:Ad6s|Js8s/5dTs6c/9s/3d:60|-60:Bob|Alice
STATE:590:rrc/rc/rc/rc:Jh8s|TcQs/4hJd3h/9s/6c:80|-80:Alice|Bob
STATE:591:rrc/rc/rrrc/rrc:7cTs|AhJs/9h3dQd/2h/3c:-140|140:Bob|Alice
STATE:592:rrc/rrrrc/crrrrc/cc:JcJh|KdAh/9dKc8d/4c/9c:-150|150:Alice|Bob
STATE:593:rc/rrc/rrc/rrrc:Qs2c|Jd6s/Js3dKs/Kc/8h:-140|140:Bob|Alice
STATE:594:f:6sQs|9dJh:5|-5:Alice|Bob
STATE:595:rrc/rc/rc/crrrrc:6h8h|9h2d/2hJd5d/3d/Tc:-140|140:Bob|Alice
STATE:596:rrrc/rc/rrc/rrc:3sQc|4c2c/Ts8sTd/5s/Ah:130|-130:Alice|Bob
STATE:597:cc/rrf:7sQd|Ac6s/6h9dJc:-20|20:Bob|Alice
STATE:598:crrc/cc/cc/cc:3cJd|JsAs/9dAh9s/3d/Ks:-30|30:Alice|Bob
STATE:599:rrrc/cc/rrrc/rrc:3dTc|8s9s/KdKc2d/5d/Ts:140|-140:Bob|Alice
STATE:600:rc/rf:4h8d|4dKh/3s9h7d:20|-20:Alice|Bob
STATE:601:rc/crrrc/rc/crrc:TsKh|Qh6h/Td9h8s/9c/Ac:110|-110:Bob|Alice
STATE:602:rc/rrc/rc/rc:4d3s|4sJh/8sTs5c/4c/As:-80|80:Alice|Bob
STATE:603:cc/rrc/rf:6sJc|Kc3d/As5s7c/Td:30|-30:Bob|Alice
STATE:604:cc/rc/crrrrc/rc:Qs4s|8c6s/4d7s7c/Qc/Kd:120|-120:Alice|Bob
STATE:605:crc/rc/rrc/cc:Kh7c|5sQs/Kd6s2c/9c/2d:70|-70:Bob|Alice
STATE:606:cc/rrrrc/crf:5hAh|8hTh/3s4sTd/6s:-50|50:Alice|Bob
STATE:607:crrc/crrc/rc/cc:8dQh|6s8c/Tc9h2d/5h/3h:70|-70:Bob|Alice
STATE:608:cc/cc/cc/rc:3h9d|3sAh/Qc7c8d/6s/Td:30|-30:Alice|Bob
STATE:609:rc/rrc/rrrc/cc:KsJc|6s4d/7cJd9s/6c/Td:100|-100:Bob|Alice
STATE:610:rrrc/rrrc/cc/crc:Qc7s|7d8s/5cAs8c/6c/9h:0|0:Alice|Bob
STATE:611:rrrc/rrc/rc/crc:9h5d|2s3d/Th8c5c/Jd/Jh:100|-100:Bob|Alice
STATE:612:rc/rrc/rc/rrrc:7cJc|TcQs/9h9cJd/4s/Kh:-120|120:Alice|Bob
STATE:613:crrc/rrrc/crrc/rrrrc:3d9s|4s2d/Ts6h4d/7h/Qh:-180|180:Bob|Alice
STATE:614:cc/rrc/cc/cc:KcQd|7hTd/Th9h5d/Qs/3h:30|-30:Alice|Bob
STATE:615:rrc/cc/rc/crc:Td4h|8c9s/TcAs7d/Jh/9h:-70|70:Bob|Alice
STATE:616:rrrc/rc/cc/rrc:5h6h|Th3s/5dTd4s/Jc/Ah:-90|90:Alice|Bob
STATE:617:rc/cc/rrrrc/rf:TdQd|Kd6s/Qs5h9s/2h/3c:100|-100:Bob|Alice
STATE:618:crrrc/cc/cc/crc:AhQh|7cQd/QcKh2h/7h/2d:60|-60:Alice|Bob
STATE:619:rrrc/rc/cc/crc:2h7c|5hKs/AhJs5s/Th/2s:-70|70:Bob|Alice
STATE:620:crrrc/crrc/cc/cc:8hKc|9s8s/Kd5sQd/5d/Th:60|-60:Alice|Bob
STATE:621:cc/rf:9sTd|KdJs/3dQc3h:10|-10:Bob|Alice
STATE:622:cc/rf:2s4c|Jd5c/8h4hQs:10|-10:Alice|Bob
STATE:623:crrc/rrrrf:Js9s|9d6h/8cAc8s:-60|60:Bob|Alice
STATE:624:rc/crc/rrc/cc:4hKd|7h8s/Ts7d4s/3h/8c:-70|70:Alice|Bob
STATE:625:crc/rrrrc/rrrc/cc:9h6c|4h7d/As8h3d/Ac/6s:120|-120:Bob|Alice
STATE:626:cc/cc/rf:AcQd|2s8c/Qs3hKs/Ah:10|-10:Alice|Bob
STATE:627:crc/cc/rrrc/cc:9sAc|3cKh/Kc5s8h/2h/9h:-80|80:Bob|Alice
STATE:628:rc/crc/rrc/rc:8d4c|5c8s/9dAs5h/2c/7h:-90|90:Alice|Bob
STATE:629:crc/cc/rc/cc:3hJc|2d5h/Jd2hKd/Qs/9d:40|-40:Bob|Alice
STATE:630:rrc/rrc/cc/crrrc:JsTs|QsAd/4d7d6c/Qh/9d:-110|110:Alice|Bob
STATE:631:crrc/cc/cc/rc:7s9h|Td8c/3dQh2s/Ah/8d:-50|50:Bob|Alice
STATE:632:cc/rrrc/rc/cc:6d4s|8cTh/Td9c9d/Kd/Ah:-60|60:Alice|Bob
STATE:633:rrc/rrrrc/rc/rrf:8c9c|Ah8s/Jc2h3h/Qh/6h:-110|110:Bob|Alice
STATE:634:f:8c6c|9dAs:5|-5:Alice|Bob
STATE:635:rc/rrrrc/cc/cc:4h9c|KcAs/3dKd5s/8d/Js:-60|60:Bob|Alice
STATE:636:cc/rc/rf:Qc6c|2cTc/AhKdAs/Qs:20|-20:Alice|Bob
STATE:637:rrrc/rc/rf:9dJd|Th9c/3hAs4s/Ad:50|-50:Bob|Alice
STATE:638:cc/rc/cc/rc:Ac3c|7d3s/4h6c8d/6s/9s:40|-40:Alice|Bob
STATE:639:cc/rf:5dQh|8c4h/8s7h7c:10|-10:Bob|Alice
STATE:640:rc/crrrrc/cc/cc:7d8h|AsKs/3hJh4c/Th/8c:60|-60:Alice|Bob
STATE:641:rc/rc/rc/crc:AsKd|AhTc/4c5h2s/2d/2c:70|-70:Bob|Alice
STATE:642:rc/rc/cc/crc:2sAd|3d6s/5h7h8d/6d/7c:-50|50:Alice|Bob
STATE:643:crrrc/rc/cc/rrc:8h2d|Kc8d/3c6dTh/6h/2h:90|-90:Bob|Alice
STATE:644:crrf:3sJd|3h5d:-20|20:Alice|Bob
STATE:645:f:9h8h|4dAd:5|-5:Bob|Alice
STATE:646:rc/rrrc/crc/rc:Kd6h|9d4h/9c7s8h/Qd/8c:-90|90:Alice|Bob
STATE:647:rrrc/cc/rrc/cc:JcTd|3hKd/Jh9dAd/9c/Tc:80|-80:Bob|Alice
STATE:648:rrrc/rc/rrc/crrf:KcKd|3c2s/3d6h7c/Jh/8c:110|-110:Alice|Bob
STATE:649:rc/cc/crf:Ah5c|Kc5h/5sQs4s/7d:-20|20:Bob|Alice
STATE:650:cc/crrrrc/cc/cc:9hJs|QhKh/3c2c7d/9d/9c:50|-50:Alice|Bob
STATE:651:rc/crrc/rrrrc/crc:5dQd|4h9h/Ac7hJc/Kh/Qs:140|-140:Bob|Alice
STATE:652:rrc/rc/crc/rrrrc:Jc4c|KdJh/7hKsTc/8d/9c:0|0:Alice|Bob
STATE:653:cc/rrrc/rc/crc:Kd8h|Tc5d/Qh6s7h/Js/Qs:80|-80:Bob|Alice
STATE:654:crrc/rc/rrc/cc:6sJh|8hQc/9h4s7c/7s/As:-80|80:Alice|Bob
STATE:655:cc/rc/cc/rc:As6d|5h2s/4s6s9d/Qh/7s:40|-40:Bob|Alice
STATE:656:rc/rrrc/cc/rrc:QhKs|9h5h/6d2d7h/Qc/4s:90|-90:Alice|Bob
STATE:657:rrc/crrrc/cc/crrrrc:Ks3c|4h8s/JhKdQd/9s/Th:0|0:Bob|Alice
STATE:658:crrc/rf:QcQd|8d5s/7sAdTh:30|-30:Alice|Bob
STATE:659:crrc/crrrc/crrrc/rc:Kh2d|5d2h/TdAd6c/Jh/3s:140|-140:Bob|Alice
STATE:660:rc/crrrc/cc/rrc:6sTc|4d9s/Ah2cKh/3s/3c:90|-90:Alice|Bob
STATE:661:rrc/rrrrf:5h3s|Jc9c/Qd7cKs:-60|60:Bob|Alice
STATE:662:cc/cc/cc/cc:Ac7s|Kd3d/Ts6d8h/9s/Ks:10|-10:Alice|Bob
STATE:663:crrc/rrc/cc/rrrc:3c8h|QhJd/9c4d6c/As/Ac:-110|110:Bob|Alice
STATE:664:crf:6cAh|8h2d:10|-10:Alice|Bob
STATE:665:rrrc/rc/rc/rrrc:3s7c|Tc7d/9cKd5c/Kh/7s:-130|130:Bob|Alice
STATE:666:cc/rrrc/rc/rrrrc:6s8d|7hKd/Td8sQd/Ah/2c:140|-140:Alice|Bob
STATE:667:rc/rrrf:4s7h|Jh7s/5d2s5c:40|-40:Bob|Alice
STATE:668:rrc/rrrc/cc/rc:9sQh|3d5d/8h7hAc/6s/Td:80|-80:Alice|Bob
STATE:669:rc/rrc/rc/rc:KsQc|Td7s/4s5s3s/8h/Qd:80|-80:Bob|Alice
STATE:670:crc/cc/rrrrc/cc:8hQd|4h2c/4sTs7d/7s/Td:100|-100:Alice|Bob
STATE:671:rrf:KdAs|Ad3c:20|-20:Bob|Alice
STATE:672:rrrc/crrrc/crc/rc:9s5s|Qs7d/Qc7s8c/Ts/8s:110|-110:Alice|Bob
STATE:673:cc/crc/crrf:6s4h|Ts9d/2dAc7s/9s:40|-40:Bob|Alice
STATE:674:rrrc/cc/crrrrf:8c2h|Td8s/4dKd9s/Qh:100|-100:Alice|Bob
STATE:675:crc/cc/cc/rf:8cJd|Qd5d/QhQcAh/3d/9s:20|-20:Bob|Alice
STATE:676:cc/crrc/crc/rrrc:Jh8c|7hJd/2h9dKd/Ah/2c:0|0:Alice|Bob
STATE:677:rc/cc/rc/crc:9s3s|8s5d/5c8d2c/9c/Ad:-60|60:Bob|Alice
STATE:678:rc/cc/rrc/rrrf:Tc4h|6hAc/Qs3h7s/8h/Jd:100|-100:Alice|Bob
STATE:679:rc/rc/rc/crrrc:AcTc|Ah2d/8c2h9c/4h/Td:110|-110:Bob|Alice
STATE:680:cc/crrc/rrc/crrc:Kh2s|4s4d/8dAc2c/5d/7c:-110|110:Alice|Bob
STATE:681:cc/rc/cc/cc:6d4c|Qh7c/3c7hKh/8s/6c:-20|20:Bob|Alice
STATE:682:cc/crc/rrrrc/rrrc:7c8h|7d2s/9dJhKs/4c/2c:-160|160:Alice|Bob
STATE:683:cc/rrrc/cc/rrc:2dTc|AhKd/4sJs3d/Ks/4h:-80|80:Bob|Alice
STATE:684:rrrc/rc/rrc/rrc:3dAh|Kd8h/KsQs4c/4s/8d:-130|130:Alice|Bob
STATE:685:rrc/cc/rc/rc:4s6s|Qc7d/Qh7c5d/Td/2h:-70|70:Bob|Alice
STATE:686:rrf:As4h|9s5c:20|-20:Alice|Bob
STATE:687:cc/rf:JhTh|2hQh/6s5h2c:10|-10:Bob|Alice
STATE:688:rrf:9h7s|6h6d:20|-20:Alice|Bob
STATE:689:rrrc/rc/rrc/rrrrc:Ks8s|Qs4s/7hKh8c/3c/3s:170|-170:Bob|Alice
STATE:690:rc/rc/cc/cc:7dQd|Td9s/6dTs3h/4s/6c:-30|30:Alice|Bob
STATE:691:crc/rc/rc/crrrrc:2h5h|2d2s/TdJsAh/Jc/7c:-130|130:Bob|Alice
STATE:692:crc/cc/rc/crrc:Js6d|3h5h/7hKh4c/Td/Qh:-80|80:Alice|Bob
STATE:693:crc/rc/rc/crrf:6d5c|KsAd/Ts2h6h/5s/7d:70|-70:Bob|Alice
STATE:694:rrc/cc/rrrf:2c3c|Qh7h/AsJs7d/Td:70|-70:Alice|Bob
STATE:695:rrrc/crrrrf:2c8d|8c8s/8h4d9s:70|-70:Bob|Alice
STATE:696:rc/cc/rc/cc:7s5h|2hKs/KdQhJs/4s/Jd:-40|40:Alice|Bob
STATE:697:cc/rc/crrc/rc:2h3d|JdKh/Ad5sKs/Ac/4c:80|-80:Bob|Alice
STATE:698:rrrc/cc/cc/crrc:5dTs|8c7c/6d2dKs/Js/6c:80|-80:Alice|Bob
STATE:699:rc/crrc/cc/rc:5h8s|8hQd/7c4c3c/Jc/2c:0|0:Bob|Alice
STATE:700:crrrc/rc/cc/cc:6dQh|6cTs/7h3c7s/4h/3s:50|-50:Alice|Bob
STATE:701:crrrf:9c7c|4sJd:30|-30:Bob|Alice
STATE:702:crrc/rrrrc/rc/rc:2c7c|5h2h/3dTsAc/7s/Jc:110|-110:Alice|Bob
STATE:703:cc/crrc/cc/rrc:7h5d|KhKc/Jh2d8d/9c/7d:-70|70:Bob|Alice
STATE:704:crc/rc/rrrc/cc:3cJh|6h7d/Kh7cAc/8d/Th:-90|90:Alice|Bob
STATE:705:rrrc/cc/cc/rrc:JdTh|8sAc/7c3c3h/5s/Ks:-80|80:Bob|Alice
STATE:706:rc/crrrc/cc/crc:3cAh|5d6h/9s4c8c/Jc/3h:70|-70:Alice|Bob
STATE:707:crc/rf:Ah8h|QsAd/7h4dKh:20|-20:Bob|Alice
STATE:708:rrc/cc/cc/crf:Ks3d|TsJd/8s8c6d/5d/Qh:-30|30:Alice|Bob
STATE:709:rrf:5d9c|ThAd:20|-20:Bob|Alice
STATE:710:cc/cc/cc/rc:4cTh|Js8d/7s8hQd/4h/5d:-30|30:Alice|Bob
STATE:711:rc/crf:6sJd|6h3d/Kd5dAc:-20|20:Bob|Alice
STATE:712:f:Ks5d|8d2h:5|-5:Alice|Bob
STATE:713:crc/crc/crrc/rrc:4hTc|4c5s/Js9sAs/4d/Ts:-110|110:Bob|Alice
STATE:714:crc/crrc/rrrrc/rrrrc:2d5h|Th9c/8h9dTc/8c/Qd:-200|200:Alice|Bob
STATE:715:rc/rc/rc/rc:Ad3c|7h8h/4d7sJs/3h/6d:-70|70:Bob|Alice
STATE:716:rc/crrrrc/crrrrc/rrc:As4s|Qd3d/7s3cKc/5c/9c:-180|180:Alice|Bob
STATE:717:crrrc/crc/cc/rrrc:Ad2c|As4d/3hAh9h/Jc/4h:-110|110:Bob|Alice
STATE:718:crrc/crrrrc/cc/rrc:4sTd|Qh4h/5c7h6c/7d/6s:-110|110:Alice|Bob
STATE:719:rrrc/cc/rrc/cc:3c7s|8s3s/Ts4c5c/Jc/9s:-80|80:Bob|Alice
STATE:720:rc/rrrrc/crrc/rc:7d2d|As9s/9dThAc/Kc/2h:-120|120:Alice|Bob
STATE:721:rrc/cc/rrc/cc:Ad6h|Tc3s/9sTdQd/7d/Jh:-70|70:Bob|Alice
STATE:722:rrrf:AcAh|Kc3c:-30|30:Alice|Bob
STATE:723:rf:Td6h|Ts8c:-10|10:Bob|Alice
STATE:724:rc/crrrc/rc/cc:Ad3h|Kc4d/As5cJh/8h/Js:70|-70:Alice|Bob
STATE:725:rrrc/rrc/cc/crrc:8c6c|KsKd/Tc9hJs/7s/Jd:100|-100:Bob|Alice
STATE:726:crc/rc/rrrc/rc:AhTs|3d8s/3c5h8h/Ad/2h:-110|110:Alice|Bob
STATE:727:rc/cc/crrc/rc:3c9d|Jc4c/8c9hQh/Kc/Kd:80|-80:Bob|Alice
STATE:728:cc/rc/crrrf:6d8d|3h9h/2s7dKc/3s:-60|60:Alice|Bob
STATE:729:rrc/rrrrc/rc/rc:5d5h|6d2h/4d6h3s/Ad/6s:-110|110:Bob|Alice
STATE:730:crf:ThAd|QsAh:10|-10:Alice|Bob
STATE:731:rc/crc/crc/crc:9s2h|Jd9h/Ad5cAc/8c/4d:-70|70:Bob|Alice
STATE:732:rc/cc/rc/rc:5dKs|Qc5c/Jd8h9h/Qd/3s:-60|60:Alice|Bob
STATE:733:rrrc/rrc/crrrc/rrc:As4c|5s5h/Tc6cQs/6h/6s:-160|160:Bob|Alice
STATE:734:crrf:Ac5c|9sJh:-20|20:Alice|Bob
STATE:735:crrc/crc/rrf:JsKh|7dKd/4h2sAc/4d:-60|60:Bob|Alice
STATE:736:rc/cc/cc/crrrf:3dJd|9h8c/Jh5d9s/3h/Ks:-60|60:Alice|Bob
STATE:737:rrrc/cc/crrrc/crrc:5h9s|7d8d/4dAdTc/Js/2s:140|-140:Bob|Alice
STATE:738:rrc/crrrc/rc/cc:7sAh|8hJc/6s4c2c/9h/2h:80|-80:Alice|Bob
STATE:739:rc/rrrrc/crrrrc/rc:Ac9c|6s2d/KcKd4c/6d/Ad:160|-160:Bob|Alice
STATE:740:rc/rc/crrc/rrc:6s5s|KhTd/KsJc4s/9h/7d:-110|110:Alice|Bob
STATE:741:rc/rc/rc/rc:Th6h|3c9h/4dJh4s/Kd/5d:70|-70:Bob|Alice
STATE:742:rc/rrc/rrrc/rc:AcQh|Ts7c/2hAd7d/6c/Kh:120|-120:Alice|Bob
STATE:743:cc/cc/cc/rc:Ks9d|9hAs/Kc6c5h/Ad/Kd:30|-30:Bob|Alice
STATE:744:cc/cc/rrc/rrc:8h3c|5dQd/4d3h6h/2s/Ad:-90|90:Alice|Bob
STATE:745:crrc/rc/cc/crrrrc:9d8h|QdKs/Jh6c9s/2d/3s:120|-120:Bob|Alice
STATE:746:cc/cc/rc/cc:2c3h|JcKs/KdTdTc/2s/9s:-30|30:Alice|Bob
STATE:747:rrf:QcTs|As4h:20|-20:Bob|Alice
STATE:748:cc/rc/cc/rc:As2d|Qs9s/2sThQd/9h/Ks:-40|40:Alice|Bob
STATE:749:f:Th8d|7h3d:5|-5:Bob|Alice
STATE:750:cc/rc/rrrrc/rc:9cKh|4d8c/6s9h6c/7c/5d:-120|120:Alice|Bob
STATE:751:rf:8dQc|QsTh:-10|10:Bob|Alice
STATE:752:cc/rc/rc/rc:3s4c|5c9d/As3h3c/2h/4s:60|-60:Alice|Bob
STATE:753:rc/rf:8cKs|4sQc/6sJh4h:20|-20:Bob|Alice
STATE:754:rc/cc/crrrc/rc:8d5c|6s6c/TsAhKc/Qs/Qd:-100|100:Alice|Bob
STATE:755:cc/crc/cc/cc:Ah9h|QcTs/Kh3h3s/Kd/2h:20|-20:Bob|Alice
STATE:756:rc/rrrc/cc/rrc:Ts7d|Kd9s/5s8d5h/6s/9d:90|-90:Alice|Bob
STATE:757:cc/cc/rc/rc:5s5c|9h9d/Ad2h4d/Qc/Td:-50|50:Bob|Alice
STATE:758:crc/rc/crc/rc:Kh9s|Ac6c/JcQdKs/4h/Ah:-70|70:Alice|Bob
STATE:759:rrc/crrc/rc/rrrrc:Kd9c|Jh8d/Qc9hJc/7c/2h:-150|150:Bob|Alice
STATE:760:rc/rrrrc/rc/crc:9c4s|Jh5c/AcKd3h/2s/Kh:-100|100:Alice|Bob
STATE:761:rc/rrc/rf:Td2s|7dAs/9s8s6c/7c:40|-40:Bob|Alice
STATE:762:cc/crrc/cc/rc:JhTd|TcAh/2s9dAd/4h/Qs:-50|50:Alice|Bob
STATE:763:crc/crrrrc/rc/cc:Jd8d|9hTd/3h9s5c/7s/9c:-80|80:Bob|Alice
STATE:764:rc/rrrrc/cc/cc:ThAc|2d4c/Jh3s5h/6s/Td:-60|60:Alice|Bob
STATE:765:cc/cc/cc/rrc:Qh8d|2sJc/Kh7s3d/Kc/4h:50|-50:Bob|Alice
STATE:766:cc/rrc/rc/rc:Qs6s|9hKs/QhQd7c/9c/3h:70|-70:Alice|Bob
STATE:767:rrc/rf:Kc2h|4h8d/3sTs4d:30|-30:Bob|Alice
STATE:768:rf:QhAh|2cTd:-10|10:Alice|Bob
STATE:769:cc/cc/rrc/rc:6d5h|3hQh/2d6c8s/3s/2h:70|-70:Bob|Alice
STATE:770:crrc/crrc/cc/rrc:TcAs|Td7c/3d9s5s/Ac/4h:90|-90:Alice|Bob
STATE:771:cc/rc/rrrrc/cc:2s7h|Qs8h/3c5hJs/Jd/5d:-100|100:Bob|Alice
STATE:772:rc/crc/rc/rc:6h5d|As7d/Ah6sKd/Ac/Ks:-70|70:Alice|Bob
STATE:773:cc/rrc/rc/crc:3d6h|6d2h/JsAh4h/9d/7d:0|0:Bob|Alice
STATE:774:cc/rrrf:8s6d|3d8c/Ah7hKh:30|-30:Alice|Bob
STATE:775:f:Ks6c|7sJh:5|-5:Bob|Alice
STATE:776:cc/rc/crc/rc:Ah5d|6s2s/4s3h3d/4d/9c:60|-60:Alice|Bob
STATE:777:f:7h2h|9cTc:5|-5:Bob|Alice
STATE:778:crrrc/rrc/cc/rc:8hKc|2d9s/AdKs8d/3c/Th:80|-80:Alice|Bob
STATE:779:rc/rc/rc/cc:AhTh|5h2h/8sQh8d/2c/7d:-50|50:Bob|Alice
STATE:780:rrc/crc/cc/rrrc:7h8s|6hAs/QhQcJd/9d/7d:100|-100:Alice|Bob
STATE:781:rrc/cc/crrc/rc:Td5s|7c8c/4cKc7s/Jh/Kd:-90|90:Bob|Alice
STATE:782:rrc/crc/crrc/crrc:2d7c|2hQh/5h6h4h/6c/Jc:-120|120:Alice|Bob
STATE:783:rrf:5hTh|3sAh:20|-20:Bob|Alice
STATE:784:crc/crrrc/crrrrc/rrc:4h7h|7c3d/Th7sQd/Tc/3h:0|0:Alice|Bob
STATE:785:rrc/rc/rrrrc/crc:Kc9c|5d6d/8dTs7h/9s/2d:-140|140:Bob|Alice
STATE:786:rrc/rc/cc/crrrc:QcQh|7dQd/4d2cTc/Kh/Jd:100|-100:Alice|Bob
STATE:787:cc/rc/cc/cc:9hJc|5d4c/4d6cKd/8h/Th:-20|20:Bob|Alice
STATE:788:rrrf:TcTh|Td6c:-30|30:Alice|Bob
STATE:789:crc/crrf:Js3s|5s4d/QhKd7d:30|-30:Bob|Alice
STATE:790:rc/rrrrc/rrrrc/cc:Qs4d|AsAc/6h4c3d/7h/4h:140|-140:Alice|Bob
STATE:791:crc/cc/rrc/rrrrc:2c5d|JsQh/Jc9c3d/6d/7s:-140|140:Bob|Alice
STATE:792:rc/rc/rc/crrc:9s5s|Jh5h/8cQc7c/7h/6h:90|-90:Alice|Bob
STATE:793:cc/rc/cc/rrc:4sAs|8d5h/7dJdJs/7c/6c:60|-60:Bob|Alice
STATE:794:rc/crc/cc/cc:9h5h|9dAc/Jc2h4s/3d/3s:-30|30:Alice|Bob
STATE:795:crc/crrrrc/rc/cc:Kd3s|8sKc/JcKhAd/As/7s:0|0:Bob|Alice
STATE:796:cc/cc/rc/rrrrc:Qh2d|Kd7d/9d7h7c/Th/4c:-110|110:Alice|Bob
STATE:797:cc/rc/crrc/cc:Qd7h|2c4d/AcTh3c/9h/2d:-60|60:Bob|Alice
STATE:798:cc/cc/rrc/cc:6h5s|Jh6d/9c2d5h/Kd/Ah:50|-50:Alice|Bob
STATE:799:cc/crc/rf:6dTh|7h6h/AsTdTc/Qc:20|-20:Bob|Alice
STATE:800:rrc/cc/rrc/crrrc:5sAd|5h8d/ThJs7h/8c/6h:-130|130:Alice|Bob
STATE:801:rc/rc/crrc/crrc:6d6c|8d8c/4sAc6h/Js/Td:110|-110:Bob|Alice
STATE:802:rc/crrc/cc/cc:Qh3c|Kd8s/As5cJh/6s/Td:-40|40:Alice|Bob
STATE:803:rc/rrc/crrc/crc:Tc2s|Ac5c/9d7sAh/6s/6d:-100|100:Bob|Alice
STATE:804:crc/rrc/crc/crf:Td7c|QsQh/AsQc7h/2d/3c:-60|60:Alice|Bob
STATE:805:rrrc/rc/cc/crrc:7h8d|Tc6s/3c5c4d/Td/2c:-90|90:Bob|Alice
STATE:806:rrrc/cc/cc/rrc:2c7c|Qc3h/JcKc2h/8d/7h:80|-80:Alice|Bob
STATE:807:rc/cc/crrc/cc:2sKd|AdJh/5hTh9s/Ac/Jc:-60|60:Bob|Alice
STATE:808:f:Qh2c|4sQs:5|-5:Alice|Bob
STATE:809:rrrf:Qh8s|3cJh:-30|30:Bob|Alice
STATE:810:cc/cc/crrc/rrrrc:9s5d|2c6h/5cQd3c/2s/Jd:130|-130:Alice|Bob
STATE:811:cc/rrf:5sQs|3h8s/4d6d4h:-20|20:Bob|Alice
STATE:812:rrc/rrrrc/rrc/rc:Qc8d|JsAs/6cTd7d/8h/5c:130|-130:Alice|Bob
STATE:813:cc/cc/rc/cc:AsJs|Ah6h/2d3d9h/8h/Qc:30|-30:Bob|Alice
STATE:814:cc/rrc/rc/crrc:8c7s|6dQd/7c5cTc/Ts/7h:90|-90:Alice|Bob
STATE:815:rrrc/crrrrc/crc/rc:2cAh|3c3d/JcQhTc/6h/Kh:120|-120:Bob|Alice
STATE:816:rrc/rrrrc/rf:5c2s|6h4c/2h4dQs/Td:70|-70:Alice|Bob
STATE:817:cc/rc/cc/rc:3sJh|Js6s/7h3h5h/6h/Jc:40|-40:Bob|Alice
STATE:818:cc/cc/crc/cc:Ks8h|8c7s/6sTc5h/Ts/7d:-30|30:Alice|Bob
STATE:819:crc/rc/rrc/rc:Jc8s|AcAh/TcQdKs/8d/6s:-90|90:Bob|Alice
STATE:820:rrc/rrc/crc/rrrc:5dQc|2c6s/TsKhAh/6c/5h:-130|130:Alice|Bob
STATE:821:crrrc/cc/crf:9c7c|6hKs/2h3c5d/Qh:-40|40:Bob|Alice
STATE:822:rrrc/rrrc/rrc/crrc:Kh9s|8d6s/JdAh9d/7d/Tc:-150|150:Alice|Bob
STATE:823:cc/crc/rc/rc:3s3h|4cJc/Ts7h3c/8d/Qs:60|-60:Bob|Alice
STATE:824:rc/cc/crc/cc:6hJs|2h3s/8cAdQs/2c/2d:-40|40:Alice|Bob
STATE:825:rrrc/rrc/cc/cc:3d5h|KsKd/4sTsQd/Th/5d:-60|60:Bob|Alice
STATE:826:rrc/rc/cc/crc:6d8s|5s7h/4sTsTd/7s/6h:-60|60:Alice|Bob
STATE:827:rc/cc/crrc/rc:4hAs|KdTs/5sJh4c/9s/Ad:80|-80:Bob|Alice
STATE:828:rf:ThQs|Qd7c:-10|10:Alice|Bob
STATE:829:crrrc/cc/cc/rc:AdQh|TsKd/4sJh5s/3d/2d:60|-60:Bob|Alice
STATE:830:rrrc/crrc/cc/rrc:Th7c|Ts6c/5dJcQc/6h/3s:-100|100:Alice|Bob
STATE:831:rrc/cc/rrf:8cAc|8sAd/2c4cTh/7c:-50|50:Bob|Alice
STATE:832:rf:TsQh|As8h:-10|10:Alice|Bob
STATE:833:cc/rc/rc/crrrc:5d9d|6hQd/7sKh2h/Qh/7h:-100|100:Bob|Alice
STATE:834:crrc/rrrc/rc/rrc:6s7c|QcAh/9cKhQs/3d/6d:-120|120:Alice|Bob
STATE:835:cc/cc/rc/cc:ThKh|3cJh/5c8cQd/Qh/7c:30|-30:Bob|Alice
STATE:836:cc/cc/cc/cc:9c4d|7d9s/6d8dTc/Jc/Qc:0|0:Alice|Bob
STATE:837:rrc/rf:3d9d|Kh4s/9cJs5c:30|-30:Bob|Alice
STATE:838:f:6cTd|Kc9s:5|-5:Alice|Bob
STATE:839:crc/rrrrc/crrrrc/crrc:7h4d|7sTc/Qh5d9c/8h/7c:-180|180:Bob|Alice
STATE:840:rrrc/rrc/cc/rrrc:KsQs|As4c/7sTdKd/Jd/Kh:120|-120:Alice|Bob
STATE:841:cc/cc/rc/crrrrc:4h2s|As7h/6h7cKd/4d/Kh:-110|110:Bob|Alice
STATE:842:crrc/rc/rrf:4dAd|9c6d/7c8s6s/5h:-60|60:Alice|Bob
STATE:843:cc/rc/crrrc/crc:3c3s|8s6d/Ad2dKs/Tc/Kh:100|-100:Bob|Alice
STATE:844:rc/rrc/crf:5dKh|JhQh/Kc8s3d/5s:-40|40:Alice|Bob
STATE:845:rrrc/rc/rrc/cc:6h3h|QdQh/Kh8d6d/6s/Jd:90|-90:Bob|Alice
STATE:846:cc/crrc/crc/rc:Jh9c|Qs4d/Qh9h8c/2h/4s:-70|70:Alice|Bob
STATE:847:rc/cc/rf:2c9s|Jh5c/QhKh7d/3c:20|-20:Bob|Alice
STATE:848:rc/rc/crrrrc/rc:ThKs|7dAd/7sKc4s/4d/Js:130|-130:Alice|Bob
STATE:849:rrf:4hQd|9s9d:20|-20:Bob|Alice
STATE:850:cc/cc/rc/rrrrc:JsAs|Kh5s/Tc3s2c/Kc/9c:-110|110:Alice|Bob
STATE:851:crrrc/rrrc/rc/crc:4cKh|Kc7c/9d5d6s/Ks/4h:110|-110:Bob|Alice
STATE:852:rc/rrc/crc/rrc:AsTd|Th4h/Kc3d4s/Ac/6c:100|-100:Alice|Bob
STATE:853:rrc/cc/crrc/rc:Td7h|9h9d/AcAdJs/7s/Kc:-90|90:Bob|Alice
STATE:854:rrrc/cc/crc/cc:Ad9c|AcQd/4sKdAs/4c/9d:60|-60:Alice|Bob
STATE:855:cc/crrrrc/crrc/crrrrc:Ks2d|9s5c/Jd6s2c/Qd/Qs:170|-170:Bob|Alice
STATE:856:crrc/rc/cc/cc:3cAc|Ks9h/ThAh5c/4h/6d:40|-40:Alice|Bob
STATE:857:cc/rrc/rrc/rrrrc:8c5s|KsTs/JhKh7d/5h/9h:-150|150:Bob|Alice
STATE:858:rc/crrc/rf:JhQh|6h8s/3d2sAd/4s:40|-40:Alice|Bob
STATE:859:f:5s7h|3c4d:5|-5:Bob|Alice
STATE:860:cc/crrc/rc/crc:Ad8d|QdTd/9h5d6c/9d/7h:70|-70:Alice|Bob
STATE:861:crrc/crf:7s7h|9dQc/JdKsKh:-30|30:Bob|Alice
STATE:862:crrrc/rrf:Td7d|5sQs/5h3hJc:-50|50:Alice|Bob
STATE:863:rc/rrrrc/crrc/crc:7h5d|TdJs/KhQh9d/4h/6s:-120|120:Bob|Alice
STATE:864:rrrc/rc/rc/crrc:Qd8d|2hTs/9h7c4c/3h/4s:110|-110:Alice|Bob
STATE:865:crrrc/rrrrc/crrrc/crc:QhJh|5h3h/4c8d6s/Jd/9d:160|-160:Bob|Alice
STATE:866:rc/rf:9d9s|5h6d/2s9h7s:20|-20:Alice|Bob
STATE:867:rc/rrrf:AsQh|Jd7h/9sTh9h:40|-40:Bob|Alice
STATE:868:rrrc/cc/rrc/cc:Ac4h|9h6d/Tc3dAh/4c/Kd:80|-80:Alice|Bob
STATE:869:f:JhKh|5cJc:5|-5:Bob|Alice
STATE:870:f:4d5h|2hQd:5|-5:Alice|Bob
STATE:871:cc/rc/rrrc/rc:2d6d|5c3d/7d7c6c/4c/Ks:-100|100:Bob|Alice
STATE:872:cc/rrrf:2d3d|9c5s/9s6s7h:30|-30:Alice|Bob
STATE:873:cc/crc/rc/crrrc:8d8h|Qh7d/As9c5h/Tc/4c:100|-100:Bob|Alice
STATE:874:crc/rrrc/crf:4sKs|4d8h/QdTdTh/9c:-50|50:Alice|Bob
STATE:875:rrc/crc/rrrf:7s3c|As3d/AdJsJh/Ks:80|-80:Bob|Alice
STATE:876:rc/rc/crc/rc:8h5s|6dTh/KhAd8c/5c/Kc:70|-70:Alice|Bob
STATE:877:crc/rrc/rc/rrc:7d7h|QsQh/8h5c9d/Kh/3s:-100|100:Bob|Alice
STATE:878:cc/rrc/cc/cc:9cQh|AhTs/7c8s5c/2d/Kd:-30|30:Alice|Bob
STATE:879:cc/rc/cc/crrc:8d4d|9cQh/5s2hKd/8h/8s:60|-60:Bob|Alice
STATE:880:cc/cc/rc/rc:Qs7s|3sKc/7hJd2d/9c/5h:50|-50:Alice|Bob
STATE:881:crrc/rc/cc/rc:Ac5s|9c2d/8dKd6d/8h/3s:60|-60:Bob|Alice
STATE:882:rrrc/crc/rrc/crc:TsJs|3h4h/Kd9h8c/6h/Qh:-110|110:Alice|Bob
STATE:883:cc/cc/cc/rc:7sQd|Jc7d/2d2cJd/Ah/5d:-30|30:Bob|Alice
STATE:884:rc/crc/crc/rc:3d2d|Kh6d/KsAc6c/Ad/5c:-70|70:Alice|Bob
STATE:885:rc/rc/crc/crrf:6hTc|ThKs/8cJcAd/5s/Td:70|-70:Bob|Alice
STATE:886:cc/cc/rc/cc:Td6c|7dKs/JhAh5c/Jd/4h:-30|30:Alice|Bob
STATE:887:cc/cc/rc/cc:2s7c|JhJs/As4h9s/Qh/Qd:-30|30:Bob|Alice
STATE:888:rc/cc/cc/rrc:As5s|6dJc/4c3hKh/7s/Kd:60|-60:Alice|Bob
STATE:889:rrc/cc/cc/rrc:Kh5c|9cJd/8d2s2c/Qs/Jc:-70|70:Bob|Alice
STATE:890:crc/crc/rf:9h8d|7c4d/5hQh2d/Ac:30|-30:Alice|Bob
STATE:891:f:2cJc|Ks9s:5|-5:Bob|Alice
STATE:892:rc/crrrc/rrc/cc:7h8c|Ad6c/6dKhJh/3c/Qd:-90|90:Alice|Bob
STATE:893:rf:Jh2c|Tc9c:-10|10:Bob|Alice
STATE:894:cc/cc/rrrrc/rrf:8d9c|6c7s/4c9h5d/7d/7h:-110|110:Alice|Bob
STATE:895:cc/rf:4s2d|4hKc/Jd9d8h:10|-10:Bob|Alice
STATE:896:rrc/rrrrc/rf:Jc5c|5sAd/Ts4h6s/5h:70|-70:Alice|Bob
STATE:897:rc/rc/rc/rc:Ts3c|6s6h/Jh5c4s/2c/7d:-70|70:Bob|Alice
STATE:898:crc/crrc/cc/crrc:9c5d|Td5s/3h9hKd/8c/Jd:80|-80:Alice|Bob
STATE:899:rc/rrrc/rc/rrrrc:KdTd|7cTc/9sQs5d/4d/6c:150|-150:Bob|Alice
STATE:900:rrc/cc/cc/rrrrc:5h3h|6c5d/QhAd2h/5c/9c:0|0:Alice|Bob
STATE:901:cc/rrrrc/rrc/crrc:JdQc|Jc7c/3h8c4c/4s/Js:130|-130:Bob|Alice
STATE:902:crc/rc/crc/crrc:Ah4s|Ks4d/2s5cJc/8h/Ad:90|-90:Alice|Bob
STATE:903:rc/rrc/cc/rc:Ad6c|Kc2c/2d7hJd/8c/2h:-60|60:Bob|Alice
STATE:904:rc/rrrrc/rc/rc:8dQh|JhTd/8cQdAd/6c/5h:100|-100:Alice|Bob
STATE:905:cc/crc/cc/crrc:3s4s|3d2c/5hTs4h/5s/6s:60|-60:Bob|Alice
STATE:906:crf:Kd4c|8cJc:10|-10:Alice|Bob
STATE:907:cc/cc/cc/rrc:Ks5h|8s5s/TcKdKc/Qs/Jc:50|-50:Bob|Alice
STATE:908:rrc/rc/rrc/cc:8d3s|2s6c/Kd4d8c/5h/Th:80|-80:Alice|Bob
STATE:909:rc/crc/crc/cc:9hAs|5d9d/6d7d7s/Td/2c:-50|50:Bob|Alice
STATE:910:cc/crrc/rrc/rrc:Kd4s|4dJc/7d3h8h/2d/5s:110|-110:Alice|Bob
STATE:911:f:9s8d|3h2d:5|-5:Bob|Alice
STATE:912:rc/rrrf:8cTc|4cJc/8s5cTh:40|-40:Alice|Bob
STATE:913:crc/rrc/cc/rrc:ThAd|4sQs/JsQh5h/Kd/9s:80|-80:Bob|Alice
STATE:914:crrc/cc/rc/crc:3hKd|3sKh/7s5cJh/Ac/5h:0|0:Alice|Bob
STATE:915:crc/rf:AdTc|Th9c/Ks3h6h:20|-20:Bob|Alice
STATE:916:rf:Qs6h|4s2h:-10|10:Alice|Bob
STATE:917:cc/rrrc/crrrrc/rc:4s9c|2c2d/KdQd4c/Tc/7c:140|-140:Bob|Alice
STATE:918:rrc/crc/cc/cc:6c4c|Tc7d/AsQd3d/9c/5h:-40|40:Alice|Bob
STATE:919:rrrc/crf:TdQd|9h2h/Qh2cAd:-40|40:Bob|Alice
STATE:920:crc/crc/rrc/crrrrc:7d8s|Jd6h/KsTh7h/As/Ts:150|-150:Alice|Bob
STATE:921:rc/rrrc/cc/crf:Jh5d|AcAs/8sKdKc/Jc/Qd:-50|50:Bob|Alice
STATE:922:cc/rc/crc/rrrc:2sKh|8c7d/9c2hJc/4h/Td:-100|100:Alice|Bob
STATE:923:rf:2hKd|Ac7d:-10|10:Bob|Alice
STATE:924:rrrc/crf:9hAs|7c2h/3d4dTh:-40|40:Alice|Bob
STATE:925:rf:QsAs|7d4h:-10|10:Bob|Alice
STATE:926:crf:5hKc|2hTd:10|-10:Alice|Bob
STATE:927:rf:6c9d|3s7c:-10|10:Bob|Alice
STATE:928:rrc/rc/cc/rc:7h6s|Qs2c/3dJs6d/Th/9c:60|-60:Alice|Bob
STATE:929:rc/cc/cc/rc:5dTs|8s5c/2cAcKh/2s/3h:40|-40:Bob|Alice
STATE:930:rc/cc/rc/cc:6c4s|Qs2h/9dJdKc/2c/7s:-40|40:Alice|Bob
STATE:931:crc/rc/crc/cc:ThTc|2d3s/8h5dQc/Qd/Qs:50|-50:Bob|Alice
STATE:932:crrrc/cc/rrc/rrrf:2dJh|7h5d/4d3dQc/5c/Ad:120|-120:Alice|Bob
STATE:933:cc/rf:TsJh|4c5d/8cKcQc:10|-10:Bob|Alice
STATE:934:cc/rrrrc/crc/rrc:AcTc|Kh5c/9d7c8s/3s/4h:110|-110:Alice|Bob
STATE:935:rc/crrc/rc/rrrf:5h2h|Ad9s/3sTc7c/3h/7h:100|-100:Bob|Alice
STATE:936:rrc/crc/rrc/rc:KsTd|4d6h/JcTs9c/2d/3d:100|-100:Alice|Bob
STATE:937:rrc/rrrrc/cc/rf:8h6d|3d7c/KsJc6s/2s/Ad:70|-70:Bob|Alice
STATE:938:crf:2cAd|3dKc:10|-10:Alice|Bob
STATE:939:rc/rrc/cc/cc:QhKh|Ad3h/2c6h8c/7s/Qd:40|-40:Bob|Alice
STATE:940:rrrc/cc/crc/rrf:JdQd|3hTs/8h6c7h/9c/Qc:-80|80:Alice|Bob
STATE:941:rc/rrrrf:8s2h|KsJh/8d7c3d:-50|50:Bob|Alice
STATE:942:rc/cc/rc/cc:Kd5s|As7h/TsTd8c/Qh/7c:-40|40:Alice|Bob
STATE:943:crc/rc/cc/rc:3h4h|AdJd/6d7d8c/3c/4d:-50|50:Bob|Alice
STATE:944:rc/cc/cc/rrrf:Jd6c|Qd8d/Jh3c2h/Ah/8s:60|-60:Alice|Bob
STATE:945:f:Kd2s|Js7c:5|-5:Bob|Alice
STATE:946:cc/crc/cc/crc:2c5h|Ad7c/7d3cTs/4h/Ks:-40|40:Alice|Bob
STATE:947:rrc/cc/crrc/crc:8cTd|6sKc/9hKs9s/Qc/3h:-90|90:Bob|Alice
STATE:948:crrc/rrc/cc/rrrc:8hQd|4sKs/5h6sTs/2h/Jd:-110|110:Alice|Bob
STATE:949:rrrc/crrc/rrc/rrc:KdTs|4s7h/QcAcKc/3s/4d:140|-140:Bob|Alice
STATE:950:cc/cc/crf:5h9s|Th6d/5c6h8s/9c:-10|10:Alice|Bob
STATE:951:f:7h4s|Jh8h:5|-5:Bob|Alice
STATE:952:crc/rc/cc/cc:Qc9c|Kc6s/4c7hAh/7c/4s:0|0:Alice|Bob
STATE:953:rc/crrc/crrrc/crrc:Qd8h|6cJh/2sAsJs/4c/7h:-140|140:Bob|Alice
STATE:954:crc/cc/rc/crrc:6s8s|Jd9h/5d5hTc/Td/7s:-80|80:Alice|Bob
STATE:955:rc/crc/rf:6sAd|4h8h/6dKdKh/5c:30|-30:Bob|Alice
STATE:956:cc/rrrrc/rc/crrrc:9c4d|Qs5h/As9sKs/2c/Qd:-130|130:Alice|Bob
STATE:957:rrc/crc/rrc/cc:Kh9s|2h5c/Kc5s3h/7d/6c:80|-80:Bob|Alice
STATE:958:rc/rrrrc/cc/rrc:Kd3h|TcKs/JcAc6s/Kc/9d:-100|100:Alice|Bob
STATE:959:cc/rc/rf:8h6s|Ks5h/4c3hKd/3c:20|-20:Bob|Alice
STATE:960:rrf:2c7d|8d3d:20|-20:Alice|Bob
STATE:961:crc/cc/crrc/crrf:9hAs|5d6c/7d6s4s/Js/4d:80|-80:Bob|Alice
STATE:962:rrrc/rc/rc/rrf:Js3c|5cKs/6h3dKd/Ah/2d:-90|90:Alice|Bob
STATE:963:cc/cc/rrrc/rc:9sJc|5d8h/6d4h4c/Kd/3s:90|-90:Bob|Alice
STATE:964:rrc/rc/rc/crc:9s4c|7h6h/3cKdTd/3h/7s:-80|80:Alice|Bob
STATE:965:rc/rf:3sAh|QhKs/6s2sQc:20|-20:Bob|Alice
STATE:966:rrc/rrrc/rc/rc:3d7d|7h6s/4s2cJs/Ad/Qd:-100|100:Alice|Bob
STATE:967:cc/crrrc/cc/rc:9d7c|Qc5d/3dJcJs/8h/5h:-60|60:Bob|Alice
STATE:968:f:Tc2h|AhJs:5|-5:Alice|Bob
STATE:969:cc/rrrrf:KcAh|3h5d/Kh7d3d:-40|40:Bob|Alice
STATE:970:cc/crrrc/rrc/rrc:4c4s|KdAs/AdThTc/9h/Jh:-120|120:Alice|Bob
STATE:971:cc/crf:KcJh|9c9s/AdTd8h:-10|10:Bob|Alice
STATE:972:crc/rrc/crrrf:3c9d|Tc2s/6c2hTh/Qs:-80|80:Alice|Bob
STATE:973:rrrc/cc/rrc/crrc:9s9c|Ks9h/Ac4cQh/Ts/4h:120|-120:Bob|Alice
STATE:974:cc/crrc/rc/crc:Tc7h|As3c/5dQc3s/2c/5h:-70|70:Alice|Bob
STATE:975:rrrc/cc/rrc/cc:Qd9d|Ts3h/6d8hJh/Qh/Th:-80|80:Bob|Alice
STATE:976:rc/rc/rc/cc:9h8d|6c2s/8s2d7c/5s/6s:50|-50:Alice|Bob
STATE:977:crc/cc/crc/crc:Qs8c|6d5c/Ts7h5h/4h/Ac:-60|60:Bob|Alice
STATE:978:rc/rc/cc/cc:3s5s|8s2s/Kd6sTc/7s/6d:-30|30:Alice|Bob
STATE:979:rrrc/cc/crrc/rrrrc:Jh6d|KdAs/TsJc4s/3h/Ad:-160|160:Bob|Alice
STATE:980:crc/cc/rrrrc/rc:Qc3s|2c6d/Jc7s7d/Tc/Ts:120|-120:Alice|Bob
STATE:981:rrrc/rc/crc/crc:Td4s|5d6h/6d7cTh/3h/Jc:90|-90:Bob|Alice
STATE:982:cc/rrrrc/crrc/rrrrf:3d4s|2h7s/Jc6s3h/6c/7d:-150|150:Alice|Bob
STATE:983:rrc/rrc/rf:2s4c|3c2c/9cTdAd/Ac:50|-50:Bob|Alice
STATE:984:rrc/rc/crrrc/cc:3dKh|9s7s/2dQs9d/8d/Jh:-100|100:Alice|Bob
STATE:985:crrc/rc/rc/crrc:8d9c|5hKs/Jh6h5s/6c/7h:100|-100:Bob|Alice
STATE:986:cc/rc/rrc/crc:6sAd|4c9s/As8h5c/7c/6h:-80|80:Alice|Bob
STATE:987:cc/crrc/rrc/rc:QcTs|6cKs/AhKcTh/9s/9c:-90|90:Bob|Alice
STATE:988:rrrc/rrrc/rrc/rrrrc:3s4d|8s5d/7h7s3d/6c/5s:190|-190:Alice|Bob
STATE:989:rrrc/cc/rrc/rc:QsKc|8c2c/Td6sQh/7d/Th:100|-100:Bob|Alice
STATE:990:crrc/cc/rc/crrrrc:3s5d|Td2s/4d5c4s/Kd/2c:130|-130:Alice|Bob
STATE:991:rrc/rc/rc/rc:7d5s|Kh9c/As3hTs/Jh/Js:-80|80:Bob|Alice
STATE:992:rrc/crc/rc/crc:Kh6h|As2h/Qd2c2d/7d/3d:-80|80:Alice|Bob
STATE:993:cc/rrrc/rrc/rrc:8c7d|QcKc/Ac6hTd/9h/3d:120|-120:Bob|Alice
STATE:994:rc/cc/rf:6s9d|4dQd/3hAh5d/4s:20|-20:Alice|Bob
STATE:995:cc/rrrrc/rf:6c2d|9cKs/4dKc7d/Td:50|-50:Bob|Alice
STATE:996:cc/crc/crc/rc:9h7h|3d8s/JcAc5c/Ah/Ks:60|-60:Alice|Bob
STATE:997:f:5s9c|8dJh:5|-5:Bob|Alice
STATE:998:f:Kc6h|Qc3s:5|-5:Alice|Bob
STATE:999:rc/crc/rf:Jc8d|TdQd/As6d6h/7h:30|-30:Bob|Alice
SCORE:-1725|1725:Alice|Bob
